TN:
SF:src/beacon-factory/BeaconFactory.sol
DA:47,438
FN:47,BeaconFactory.__BeaconFactory_initialize
FNDA:438,BeaconFactory.__BeaconFactory_initialize
DA:48,438
DA:49,438
DA:50,438
DA:51,438
DA:58,889
FN:58,BeaconFactory._getBeaconFactoryStorage
FNDA:889,BeaconFactory._getBeaconFactoryStorage
DA:60,889
DA:71,441
FN:71,BeaconFactory._deployBeacon
FNDA:441,BeaconFactory._deployBeacon
DA:72,441
DA:73,441
DA:74,440
BRDA:74,0,0,-
DA:76,440
DA:77,440
DA:84,4
FN:84,BeaconFactory.beacon
FNDA:4,BeaconFactory.beacon
DA:85,445
DA:86,445
DA:96,10
FN:96,BeaconFactory.upgradeBeaconImplementation
FNDA:10,BeaconFactory.upgradeBeaconImplementation
DA:97,8
BRDA:97,1,0,2
DA:99,6
DA:100,6
DA:101,6
DA:110,434
FN:110,BeaconFactory.getDeterministicAddress
FNDA:434,BeaconFactory.getDeterministicAddress
DA:111,1304
FNF:6
FNH:6
LF:23
LH:23
BRF:2
BRH:1
end_of_record
TN:
SF:src/cashback-dispatcher/CashbackDispatcher.sol
DA:110,397
FN:110,CashbackDispatcher.constructor
FNDA:397,CashbackDispatcher.constructor
DA:111,397
DA:112,397
DA:125,397
FN:125,CashbackDispatcher.initialize
FNDA:397,CashbackDispatcher.initialize
DA:126,397
BRDA:126,0,0,-
DA:128,397
DA:130,397
DA:132,397
DA:133,397
DA:135,397
BRDA:135,1,0,-
DA:136,397
DA:138,397
DA:139,397
DA:140,397
DA:147,570
FN:147,CashbackDispatcher._getCashbackDispatcherStorage
FNDA:570,CashbackDispatcher._getCashbackDispatcherStorage
DA:149,570
DA:157,1
FN:157,CashbackDispatcher.priceProvider
FNDA:1,CashbackDispatcher.priceProvider
DA:158,1
DA:165,2
FN:165,CashbackDispatcher.cashModule
FNDA:2,CashbackDispatcher.cashModule
DA:166,2
DA:173,1
FN:173,CashbackDispatcher.cashbackToken
FNDA:1,CashbackDispatcher.cashbackToken
DA:174,1
DA:183,7
FN:183,CashbackDispatcher.convertUsdToCashbackToken
FNDA:7,CashbackDispatcher.convertUsdToCashbackToken
DA:184,87
DA:186,83
DA:188,83
DA:189,83
DA:198,1
FN:198,CashbackDispatcher.getCashbackAmount
FNDA:1,CashbackDispatcher.getCashbackAmount
DA:199,70
DA:200,70
DA:220,71
FN:220,CashbackDispatcher.cashback
FNDA:71,CashbackDispatcher.cashback
DA:221,71
DA:223,71
BRDA:223,3,0,1
DA:224,70
BRDA:224,4,0,1
DA:225,69
BRDA:225,5,0,61
DA:227,69
DA:229,69
DA:230,69
DA:232,67
DA:233,67
DA:234,67
DA:235,67
DA:237,67
BRDA:237,7,0,12
BRDA:237,7,1,55
DA:238,12
DA:240,55
DA:241,55
BRDA:241,8,0,52
DA:242,55
BRDA:242,9,0,4
DA:246,12
FN:246,CashbackDispatcher.clearPendingCashback
FNDA:12,CashbackDispatcher.clearPendingCashback
DA:247,12
DA:249,12
BRDA:249,10,0,1
DA:250,11
BRDA:250,11,0,1
DA:252,10
DA:254,10
DA:255,10
DA:257,9
BRDA:257,13,0,4
BRDA:257,13,1,5
DA:258,4
DA:260,5
DA:261,5
DA:271,3
FN:271,CashbackDispatcher.setCashModule
FNDA:3,CashbackDispatcher.setCashModule
DA:272,2
BRDA:272,14,0,1
DA:274,1
DA:276,1
DA:277,1
DA:287,3
FN:287,CashbackDispatcher.setPriceProvider
FNDA:3,CashbackDispatcher.setPriceProvider
DA:288,2
BRDA:288,15,0,1
DA:290,1
DA:292,1
DA:293,1
DA:295,1
BRDA:295,16,0,-
DA:305,3
FN:305,CashbackDispatcher.setCashbackToken
FNDA:3,CashbackDispatcher.setCashbackToken
DA:306,2
BRDA:306,17,0,1
DA:308,1
DA:310,1
BRDA:310,18,0,-
DA:311,1
DA:312,1
DA:325,10
FN:325,CashbackDispatcher.withdrawFunds
FNDA:10,CashbackDispatcher.withdrawFunds
DA:326,10
BRDA:326,19,0,1
DA:328,9
BRDA:328,20,0,5
BRDA:328,20,1,3
DA:329,5
BRDA:329,21,0,2
DA:330,5
BRDA:330,22,0,1
DA:331,4
DA:332,4
BRDA:332,23,0,2
DA:334,4
BRDA:334,24,0,2
DA:335,4
BRDA:335,25,0,1
DA:336,3
FNF:14
FNH:14
LF:85
LH:85
BRF:26
BRH:22
end_of_record
TN:
SF:src/data-provider/EtherFiDataProvider.sol
DA:119,21272
FN:119,EtherFiDataProvider._getEtherFiDataProviderStorage
FNDA:21272,EtherFiDataProvider._getEtherFiDataProviderStorage
DA:121,21272
DA:125,444
FN:125,EtherFiDataProvider.constructor
FNDA:444,EtherFiDataProvider.constructor
DA:126,444
DA:140,445
FN:140,EtherFiDataProvider.initialize
FNDA:445,EtherFiDataProvider.initialize
DA:151,444
DA:153,444
DA:155,442
DA:156,442
DA:157,442
DA:158,442
DA:160,442
DA:163,442
BRDA:163,0,0,441
DA:165,442
BRDA:165,1,0,441
DA:167,442
BRDA:167,2,0,442
DA:175,0
FN:175,EtherFiDataProvider.setCashLens
FNDA:0,EtherFiDataProvider.setCashLens
DA:176,0
DA:177,0
DA:186,62
FN:186,EtherFiDataProvider.configureModules
FNDA:62,EtherFiDataProvider.configureModules
DA:187,62
DA:188,61
DA:196,10
FN:196,EtherFiDataProvider.setPriceProvider
FNDA:10,EtherFiDataProvider.setPriceProvider
DA:197,10
DA:198,10
DA:206,4
FN:206,EtherFiDataProvider.setHookAddress
FNDA:4,EtherFiDataProvider.setHookAddress
DA:207,4
DA:208,3
DA:216,0
FN:216,EtherFiDataProvider.setEtherFiSafeFactory
FNDA:0,EtherFiDataProvider.setEtherFiSafeFactory
DA:217,0
DA:218,0
DA:226,4
FN:226,EtherFiDataProvider.setEtherFiRecoverySigner
FNDA:4,EtherFiDataProvider.setEtherFiRecoverySigner
DA:227,4
DA:228,3
DA:236,4
FN:236,EtherFiDataProvider.setThirdPartyRecoverySigner
FNDA:4,EtherFiDataProvider.setThirdPartyRecoverySigner
DA:237,4
DA:238,3
DA:247,4
FN:247,EtherFiDataProvider.setRecoveryDelayPeriod
FNDA:4,EtherFiDataProvider.setRecoveryDelayPeriod
DA:248,4
DA:249,3
BRDA:249,3,0,1
DA:251,2
DA:253,2
DA:254,2
DA:262,3
FN:262,EtherFiDataProvider.setCashModule
FNDA:3,EtherFiDataProvider.setCashModule
DA:263,3
DA:264,2
DA:272,962
FN:272,EtherFiDataProvider.isWhitelistedModule
FNDA:962,EtherFiDataProvider.isWhitelistedModule
DA:273,962
DA:280,1
FN:280,EtherFiDataProvider.getWhitelistedModules
FNDA:1,EtherFiDataProvider.getWhitelistedModules
DA:281,1
DA:288,1602
FN:288,EtherFiDataProvider.getCashModule
FNDA:1602,EtherFiDataProvider.getCashModule
DA:289,1602
DA:296,82
FN:296,EtherFiDataProvider.getEtherFiRecoverySigner
FNDA:82,EtherFiDataProvider.getEtherFiRecoverySigner
DA:297,82
DA:304,82
FN:304,EtherFiDataProvider.getThirdPartyRecoverySigner
FNDA:82,EtherFiDataProvider.getThirdPartyRecoverySigner
DA:305,82
DA:312,43
FN:312,EtherFiDataProvider.getRecoveryDelayPeriod
FNDA:43,EtherFiDataProvider.getRecoveryDelayPeriod
DA:313,43
DA:320,265
FN:320,EtherFiDataProvider.getCashLens
FNDA:265,EtherFiDataProvider.getCashLens
DA:321,265
DA:328,1546
FN:328,EtherFiDataProvider.getPriceProvider
FNDA:1546,EtherFiDataProvider.getPriceProvider
DA:329,1546
DA:336,173
FN:336,EtherFiDataProvider.getHookAddress
FNDA:173,EtherFiDataProvider.getHookAddress
DA:337,173
DA:344,0
FN:344,EtherFiDataProvider.getEtherFiSafeFactory
FNDA:0,EtherFiDataProvider.getEtherFiSafeFactory
DA:345,0
DA:352,12455
FN:352,EtherFiDataProvider.isEtherFiSafe
FNDA:12455,EtherFiDataProvider.isEtherFiSafe
DA:353,12455
DA:361,61
FN:361,EtherFiDataProvider._configureModules
FNDA:61,EtherFiDataProvider._configureModules
DA:362,61
DA:364,61
DA:365,61
BRDA:365,4,0,1
DA:366,60
BRDA:366,5,0,1
DA:367,59
BRDA:367,6,0,1
DA:369,58
DA:370,58
BRDA:370,7,0,1
DA:372,57
BRDA:372,8,0,56
DA:373,57
BRDA:373,9,0,1
DA:376,57
DA:380,57
DA:390,444
FN:390,EtherFiDataProvider._setupModules
FNDA:444,EtherFiDataProvider._setupModules
DA:391,444
DA:393,444
BRDA:393,10,0,-
DA:395,444
DA:396,444
BRDA:396,11,0,1
DA:397,443
BRDA:397,12,0,439
DA:399,443
DA:400,882
BRDA:400,13,0,1
DA:401,881
DA:404,881
DA:408,442
DA:415,443
FN:415,EtherFiDataProvider._setCashModule
FNDA:443,EtherFiDataProvider._setCashModule
DA:416,443
DA:417,443
BRDA:417,14,0,1
DA:419,442
DA:420,442
DA:427,442
FN:427,EtherFiDataProvider._setCashLens
FNDA:442,EtherFiDataProvider._setCashLens
DA:428,442
DA:429,442
BRDA:429,15,0,-
DA:431,442
DA:432,442
DA:439,442
FN:439,EtherFiDataProvider._setEtherFiSafeFactory
FNDA:442,EtherFiDataProvider._setEtherFiSafeFactory
DA:440,442
DA:441,442
BRDA:441,16,0,-
DA:443,442
DA:444,442
DA:451,445
FN:451,EtherFiDataProvider._setEtherFiRecoverySigner
FNDA:445,EtherFiDataProvider._setEtherFiRecoverySigner
DA:452,445
DA:453,445
BRDA:453,17,0,1
DA:455,444
DA:456,444
DA:463,445
FN:463,EtherFiDataProvider._setThirdPartyRecoverySigner
FNDA:445,EtherFiDataProvider._setThirdPartyRecoverySigner
DA:464,445
DA:465,445
BRDA:465,18,0,1
DA:467,444
DA:468,444
DA:475,444
FN:475,EtherFiDataProvider._setHookAddress
FNDA:444,EtherFiDataProvider._setHookAddress
DA:476,444
BRDA:476,19,0,1
DA:477,443
DA:479,443
DA:480,443
DA:487,452
FN:487,EtherFiDataProvider._setPriceProvider
FNDA:452,EtherFiDataProvider._setPriceProvider
DA:488,452
BRDA:488,20,0,-
DA:489,452
DA:491,452
DA:492,452
DA:498,91
FN:498,EtherFiDataProvider._onlyDataProviderAdmin
FNDA:91,EtherFiDataProvider._onlyDataProviderAdmin
DA:499,91
BRDA:499,21,0,6
FNF:33
FNH:30
LF:127
LH:119
BRF:22
BRH:18
end_of_record
TN:
SF:src/debt-manager/DebtManagerAdmin.sol
DA:30,809
FN:30,DebtManagerAdmin.supportCollateralToken
FNDA:809,DebtManagerAdmin.supportCollateralToken
DA:31,808
DA:32,805
DA:40,5
FN:40,DebtManagerAdmin.unsupportCollateralToken
FNDA:5,DebtManagerAdmin.unsupportCollateralToken
DA:41,4
DA:43,4
BRDA:43,0,0,1
DA:44,3
BRDA:44,1,0,1
DA:45,2
BRDA:45,2,0,1
DA:47,1
DA:48,1
DA:50,1
DA:60,405
FN:60,DebtManagerAdmin.supportBorrowToken
FNDA:405,DebtManagerAdmin.supportBorrowToken
DA:61,404
BRDA:61,3,0,-
DA:62,404
DA:63,403
DA:71,5
FN:71,DebtManagerAdmin.unsupportBorrowToken
FNDA:5,DebtManagerAdmin.unsupportBorrowToken
DA:72,4
DA:73,4
BRDA:73,4,0,1
DA:75,3
BRDA:75,5,0,1
DA:76,1
DA:79,2
DA:80,2
BRDA:80,6,0,1
DA:82,1
DA:83,1
DA:85,1
DA:94,15
FN:94,DebtManagerAdmin.setCollateralTokenConfig
FNDA:15,DebtManagerAdmin.setCollateralTokenConfig
DA:95,14
DA:104,6
FN:104,DebtManagerAdmin.setBorrowApy
FNDA:6,DebtManagerAdmin.setBorrowApy
DA:105,5
DA:114,4
FN:114,DebtManagerAdmin.setMinBorrowTokenShares
FNDA:4,DebtManagerAdmin.setMinBorrowTokenShares
DA:115,3
DA:122,808
FN:122,DebtManagerAdmin._supportCollateralToken
FNDA:808,DebtManagerAdmin._supportCollateralToken
DA:123,808
BRDA:123,7,0,1
DA:125,807
DA:127,807
BRDA:127,8,0,1
DA:129,806
DA:130,806
BRDA:130,9,0,1
DA:132,805
DA:134,805
DA:141,404
FN:141,DebtManagerAdmin._supportBorrowToken
FNDA:404,DebtManagerAdmin._supportBorrowToken
DA:142,404
BRDA:142,10,0,-
DA:144,404
DA:146,404
BRDA:146,11,0,1
DA:148,403
DA:150,403
DA:158,819
FN:158,DebtManagerAdmin._setCollateralTokenConfig
FNDA:819,DebtManagerAdmin._setCollateralTokenConfig
DA:159,819
BRDA:159,12,0,1
DA:160,818
BRDA:160,13,0,1
DA:162,817
DA:164,817
DA:165,817
DA:174,403
FN:174,DebtManagerAdmin._setBorrowTokenConfig
FNDA:403,DebtManagerAdmin._setBorrowTokenConfig
DA:175,403
BRDA:175,14,0,-
DA:177,403
DA:179,403
DA:181,403
DA:182,403
DA:190,5
FN:190,DebtManagerAdmin._setBorrowApy
FNDA:5,DebtManagerAdmin._setBorrowApy
DA:191,5
BRDA:191,15,0,1
DA:192,4
BRDA:192,16,0,1
DA:194,3
DA:196,3
DA:197,3
DA:198,3
DA:206,3
FN:206,DebtManagerAdmin._setMinBorrowTokenShares
FNDA:3,DebtManagerAdmin._setMinBorrowTokenShares
DA:207,3
BRDA:207,17,0,1
DA:208,2
BRDA:208,18,0,1
DA:210,1
DA:212,1
DA:213,1
DA:214,1
FNF:13
FNH:13
LF:71
LH:71
BRF:19
BRH:16
end_of_record
TN:
SF:src/debt-manager/DebtManagerCore.sol
DA:38,3
FN:38,DebtManagerCore.borrowTokenConfig
FNDA:3,DebtManagerCore.borrowTokenConfig
DA:39,8
DA:47,7
FN:47,DebtManagerCore.collateralTokenConfig
FNDA:7,DebtManagerCore.collateralTokenConfig
DA:48,7
DA:55,347
FN:55,DebtManagerCore.getCollateralTokens
FNDA:347,DebtManagerCore.getCollateralTokens
DA:56,347
DA:63,9
FN:63,DebtManagerCore.getBorrowTokens
FNDA:9,DebtManagerCore.getBorrowTokens
DA:64,9
DA:74,2
FN:74,DebtManagerCore.getUserCollateralForToken
FNDA:2,DebtManagerCore.getUserCollateralForToken
DA:75,2
BRDA:75,0,0,1
DA:76,1
DA:77,1
DA:79,1
DA:87,5
FN:87,DebtManagerCore.totalBorrowingAmounts
FNDA:5,DebtManagerCore.totalBorrowingAmounts
DA:88,5
DA:89,5
DA:90,5
DA:91,5
DA:92,5
DA:94,5
DA:95,5
DA:96,5
DA:97,5
DA:99,5
BRDA:99,1,0,3
DA:100,3
DA:101,3
DA:104,3
DA:109,5
DA:114,5
DA:117,5
DA:126,10
FN:126,DebtManagerCore.liquidatable
FNDA:10,DebtManagerCore.liquidatable
DA:127,25
DA:129,25
DA:139,9
FN:139,DebtManagerCore.getMaxBorrowAmount
FNDA:9,DebtManagerCore.getMaxBorrowAmount
DA:140,252
DA:142,252
DA:143,252
DA:144,252
DA:146,252
DA:147,234
DA:148,206
BRDA:148,2,0,206
BRDA:148,2,1,28
DA:150,206
DA:153,28
DA:157,234
DA:161,252
DA:170,1
FN:170,DebtManagerCore.collateralOf
FNDA:1,DebtManagerCore.collateralOf
DA:171,6
DA:172,6
DA:173,6
DA:175,6
DA:176,11
DA:178,11
DA:182,6
DA:192,69
FN:192,DebtManagerCore.getBorrowingPowerAndTotalBorrowing
FNDA:69,DebtManagerCore.getBorrowingPowerAndTotalBorrowing
DA:193,69
DA:194,69
DA:195,69
DA:197,69
DA:198,84
DA:201,84
DA:204,84
DA:208,69
DA:209,69
DA:217,74
FN:217,DebtManagerCore.ensureHealth
FNDA:74,DebtManagerCore.ensureHealth
DA:218,158
DA:219,158
BRDA:219,3,0,5
DA:227,60
FN:227,DebtManagerCore.remainingBorrowingCapacityInUSD
FNDA:60,DebtManagerCore.remainingBorrowingCapacityInUSD
DA:228,60
DA:229,60
DA:231,60
DA:239,4
FN:239,DebtManagerCore.borrowApyPerSecond
FNDA:4,DebtManagerCore.borrowApyPerSecond
DA:240,4
DA:248,0
FN:248,DebtManagerCore.borrowTokenMinShares
FNDA:0,DebtManagerCore.borrowTokenMinShares
DA:249,0
DA:258,0
FN:258,DebtManagerCore.getCurrentState
FNDA:0,DebtManagerCore.getCurrentState
DA:259,0
DA:260,0
DA:271,5
FN:271,DebtManagerCore.getUserCurrentState
FNDA:5,DebtManagerCore.getUserCurrentState
DA:272,5
DA:273,5
DA:282,31
FN:282,DebtManagerCore.supplierBalance
FNDA:31,DebtManagerCore.supplierBalance
DA:283,31
DA:284,31
DA:286,30
DA:295,0
FN:295,DebtManagerCore.supplierBalance
FNDA:0,DebtManagerCore.supplierBalance
DA:296,0
DA:297,0
DA:298,0
DA:299,0
DA:300,0
DA:302,0
DA:303,0
DA:304,0
DA:306,0
BRDA:306,5,0,-
DA:307,0
DA:308,0
DA:311,0
DA:315,0
DA:320,0
DA:323,0
DA:331,0
FN:331,DebtManagerCore.totalSupplies
FNDA:0,DebtManagerCore.totalSupplies
DA:332,2
DA:340,1
FN:340,DebtManagerCore.totalSupplies
FNDA:1,DebtManagerCore.totalSupplies
DA:341,1
DA:342,1
DA:343,1
DA:344,1
DA:345,1
DA:347,1
DA:348,2
DA:349,2
DA:350,2
BRDA:350,6,0,2
DA:351,2
DA:352,2
DA:354,2
DA:358,2
DA:363,1
DA:366,1
DA:375,75
FN:375,DebtManagerCore.convertCollateralTokenToUsd
FNDA:75,DebtManagerCore.convertCollateralTokenToUsd
DA:376,521
BRDA:376,7,0,-
DA:378,521
DA:386,6
FN:386,DebtManagerCore.getCollateralValueInUsd
FNDA:6,DebtManagerCore.getCollateralValueInUsd
DA:387,6
DA:388,6
DA:389,6
DA:391,6
DA:392,6
DA:394,6
DA:398,6
DA:408,421
FN:408,DebtManagerCore.supply
FNDA:421,DebtManagerCore.supply
DA:409,421
DA:411,421
BRDA:411,8,0,1
DA:412,420
BRDA:412,9,0,1
DA:414,419
DA:416,419
DA:417,419
DA:419,419
BRDA:419,10,0,-
DA:421,419
DA:423,419
DA:432,26
FN:432,DebtManagerCore.withdrawBorrowToken
FNDA:26,DebtManagerCore.withdrawBorrowToken
DA:433,26
DA:435,26
DA:436,26
BRDA:436,11,0,1
DA:438,25
DA:440,25
BRDA:440,12,0,1
DA:442,24
BRDA:442,13,0,1
DA:444,23
DA:445,23
BRDA:445,14,0,1
DA:447,22
DA:448,22
DA:450,22
DA:451,22
DA:460,87
FN:460,DebtManagerCore.borrow
FNDA:87,DebtManagerCore.borrow
DA:461,86
DA:463,86
BRDA:463,15,0,1
DA:464,85
DA:467,85
DA:468,85
DA:469,85
BRDA:469,16,0,1
DA:471,84
DA:472,84
DA:474,84
DA:476,81
BRDA:476,17,0,1
DA:477,80
DA:478,80
DA:480,80
DA:490,20
FN:490,DebtManagerCore.repay
FNDA:20,DebtManagerCore.repay
DA:491,20
DA:493,20
DA:494,19
DA:496,19
DA:498,19
DA:500,19
DA:501,19
BRDA:501,18,0,1
DA:502,1
DA:503,1
DA:506,19
DA:507,19
BRDA:507,19,0,1
DA:510,18
DA:520,11
FN:520,DebtManagerCore.liquidate
FNDA:11,DebtManagerCore.liquidate
DA:521,11
BRDA:521,20,0,1
DA:522,10
DA:523,10
DA:524,10
BRDA:524,21,0,1
DA:525,9
BRDA:525,22,0,2
DA:527,7
DA:536,7
FN:536,DebtManagerCore._liquidateUser
FNDA:7,DebtManagerCore._liquidateUser
DA:537,7
DA:539,7
DA:540,7
DA:542,6
BRDA:542,23,0,6
DA:552,13
FN:552,DebtManagerCore._liquidate
FNDA:13,DebtManagerCore._liquidate
DA:553,13
DA:554,13
DA:556,13
DA:557,13
BRDA:557,24,0,-
DA:559,13
DA:561,13
DA:563,12
DA:565,12
DA:566,12
DA:567,12
DA:568,12
DA:570,12
DA:572,12
DA:583,18
FN:583,DebtManagerCore._repayWithBorrowToken
FNDA:18,DebtManagerCore._repayWithBorrowToken
DA:584,18
DA:586,18
DA:587,18
DA:588,18
DA:590,18
DA:601,13
FN:601,DebtManagerCore._getCollateralTokensForDebtAmount
FNDA:13,DebtManagerCore._getCollateralTokensForDebtAmount
DA:602,13
DA:603,13
DA:604,13
DA:606,13
DA:607,14
DA:608,14
BRDA:608,25,0,1
DA:610,13
DA:611,13
DA:612,13
DA:614,13
BRDA:614,26,0,4
BRDA:614,26,1,9
DA:615,4
DA:616,4
DA:618,4
DA:620,4
DA:622,9
DA:624,9
DA:626,9
DA:629,13
BRDA:629,27,0,9
DA:630,9
DA:632,9
DA:635,9
DA:639,4
DA:643,12
DA:651,0
FN:651,DebtManagerCore._liquidStableAmounts
FNDA:0,DebtManagerCore._liquidStableAmounts
DA:652,0
DA:653,0
DA:654,0
DA:655,0
DA:657,0
DA:658,0
DA:659,0
DA:661,0
BRDA:661,28,0,-
DA:662,0
DA:663,0
DA:665,0
DA:670,0
DA:675,0
DA:678,0
DA:685,0
FN:685,DebtManagerCore.getDebtManagerAdmin
FNDA:0,DebtManagerCore.getDebtManagerAdmin
DA:686,0
DA:689,0
DA:692,0
DA:701,397
FN:701,DebtManagerCore.setAdminImpl
FNDA:397,DebtManagerCore.setAdminImpl
DA:702,397
DA:705,397
DA:714,107
FN:714,DebtManagerCore._onlyEtherFiSafe
FNDA:107,DebtManagerCore._onlyEtherFiSafe
DA:715,107
BRDA:715,29,0,2
DA:722,87
FN:722,DebtManagerCore.onlyEtherFiSafe
FNDA:87,DebtManagerCore.onlyEtherFiSafe
DA:723,87
DA:733,1249
FN:733,DebtManagerCore.fallback
FNDA:1249,DebtManagerCore.fallback
DA:734,1249
DA:740,1249
DA:744,1249
DA:747,1249
DA:751,1249
DA:752,1226
FNF:37
FNH:31
LF:268
LH:227
BRF:31
BRH:26
end_of_record
TN:
SF:src/debt-manager/DebtManagerInitializer.sol
DA:24,397
FN:24,DebtManagerInitializer.initialize
FNDA:397,DebtManagerInitializer.initialize
DA:25,397
FNF:1
FNH:1
LF:2
LH:2
BRF:0
BRH:0
end_of_record
TN:
SF:src/debt-manager/DebtManagerStorageContract.sol
DA:136,8256
FN:136,DebtManagerStorageContract._getDebtManagerStorage
FNDA:8256,DebtManagerStorageContract._getDebtManagerStorage
DA:138,8256
DA:478,1191
FN:478,DebtManagerStorageContract.constructor
FNDA:1191,DebtManagerStorageContract.constructor
DA:479,1191
DA:480,1191
DA:488,64
FN:488,DebtManagerStorageContract._getTotalBorrowTokenAmount
FNDA:64,DebtManagerStorageContract._getTotalBorrowTokenAmount
DA:489,64
DA:498,125
FN:498,DebtManagerStorageContract.convertUsdToCollateralToken
FNDA:125,DebtManagerStorageContract.convertUsdToCollateralToken
DA:499,215
BRDA:499,0,0,-
DA:501,215
DA:509,5
FN:509,DebtManagerStorageContract.totalBorrowingAmount
FNDA:5,DebtManagerStorageContract.totalBorrowingAmount
DA:510,69
DA:511,69
DA:520,503
FN:520,DebtManagerStorageContract._getActualBorrowAmount
FNDA:503,DebtManagerStorageContract._getActualBorrowAmount
DA:521,503
DA:530,116
FN:530,DebtManagerStorageContract._getNormalizedAmount
FNDA:116,DebtManagerStorageContract._getNormalizedAmount
DA:531,116
DA:540,118
FN:540,DebtManagerStorageContract._updateInterestIndex
FNDA:118,DebtManagerStorageContract._updateInterestIndex
DA:541,118
DA:542,118
DA:544,58
DA:545,58
DA:546,58
DA:548,58
DA:550,58
DA:559,12
FN:559,DebtManagerStorageContract.getCurrentIndex
FNDA:12,DebtManagerStorageContract.getCurrentIndex
DA:560,534
DA:562,534
DA:563,534
DA:565,188
DA:566,188
DA:575,4
FN:575,DebtManagerStorageContract.borrowingOf
FNDA:4,DebtManagerStorageContract.borrowingOf
DA:576,321
DA:577,321
DA:578,321
DA:579,321
DA:580,321
DA:582,321
DA:583,335
DA:584,335
DA:585,335
BRDA:585,3,0,130
DA:586,130
DA:587,130
DA:590,130
DA:595,335
DA:600,321
DA:603,321
DA:612,55
FN:612,DebtManagerStorageContract.borrowingOf
FNDA:55,DebtManagerStorageContract.borrowingOf
DA:613,390
DA:614,390
DA:622,10
FN:622,DebtManagerStorageContract.isCollateralToken
FNDA:10,DebtManagerStorageContract.isCollateralToken
DA:623,1975
DA:631,125
FN:631,DebtManagerStorageContract.isBorrowToken
FNDA:125,DebtManagerStorageContract.isBorrowToken
DA:632,1059
DA:640,736
FN:640,DebtManagerStorageContract._getDecimals
FNDA:736,DebtManagerStorageContract._getDecimals
DA:641,736
FNF:14
FNH:14
LF:56
LH:56
BRF:2
BRH:1
end_of_record
TN:
SF:src/hook/EtherFiHook.sol
DA:24,397
FN:24,EtherFiHook.constructor
FNDA:397,EtherFiHook.constructor
DA:25,397
DA:26,397
DA:33,397
FN:33,EtherFiHook.initialize
FNDA:397,EtherFiHook.initialize
DA:34,397
DA:42,168
FN:42,EtherFiHook.preOpHook
FNDA:168,EtherFiHook.preOpHook
DA:49,166
FN:49,EtherFiHook.postOpHook
FNDA:166,EtherFiHook.postOpHook
DA:50,166
DA:51,166
DA:53,55
DA:54,55
FNF:4
FNH:4
LF:11
LH:11
BRF:0
BRH:0
end_of_record
TN:
SF:src/libraries/ArrayDeDupLib.sol
DA:22,21800
FN:22,ArrayDeDupLib.checkDuplicates
FNDA:21800,ArrayDeDupLib.checkDuplicates
DA:23,21800
DA:24,21800
DA:26,21800
DA:28,21800
DA:29,44019
DA:31,44019
DA:32,22639
BRDA:32,1,0,6
DA:34,22633
DA:38,44013
DA:40,44013
FNF:1
FNH:1
LF:11
LH:11
BRF:1
BRH:1
end_of_record
TN:
SF:src/libraries/CashVerificationLib.sol
DA:46,123
FN:46,CashVerificationLib.verifySignature
FNDA:123,CashVerificationLib.verifySignature
DA:47,123
DA:48,123
DA:61,108
FN:61,CashVerificationLib.verifySetModeSig
FNDA:108,CashVerificationLib.verifySetModeSig
DA:62,108
DA:76,11
FN:76,CashVerificationLib.verifyUpdateSpendingLimitSig
FNDA:11,CashVerificationLib.verifyUpdateSpendingLimitSig
DA:77,11
DA:92,25
FN:92,CashVerificationLib.verifyRequestWithdrawalSig
FNDA:25,CashVerificationLib.verifyRequestWithdrawalSig
DA:93,25
DA:94,25
BRDA:94,0,0,1
DA:107,4
FN:107,CashVerificationLib.verifySetCashbackSplitToSafePercentage
FNDA:4,CashVerificationLib.verifySetCashbackSplitToSafePercentage
DA:108,4
FNF:5
FNH:5
LF:12
LH:12
BRF:1
BRH:1
end_of_record
TN:
SF:src/libraries/DelegateCallLib.sol
DA:17,4
FN:17,DelegateCallLib.delegateCall
FNDA:4,DelegateCallLib.delegateCall
DA:18,4
BRDA:18,0,0,-
BRDA:18,0,1,4
DA:23,4
DA:26,4
DA:29,4
DA:32,4
DA:35,4
DA:38,4
DA:40,4
BRDA:40,1,0,1
FNF:1
FNH:1
LF:9
LH:9
BRF:3
BRH:2
end_of_record
TN:
SF:src/libraries/EnumerableAddressWhitelistLib.sol
DA:45,10059
FN:45,EnumerableAddressWhitelistLib.configure
FNDA:10059,EnumerableAddressWhitelistLib.configure
DA:46,10059
DA:47,10059
BRDA:47,0,0,1
DA:48,10058
BRDA:48,1,0,-
DA:49,10058
BRDA:49,2,0,10054
DA:53,10058
DA:54,20114
BRDA:54,3,0,-
DA:57,20114
DA:58,10061
BRDA:58,4,0,10061
BRDA:58,4,1,9
DA:59,10061
BRDA:59,5,0,10061
DA:61,9
BRDA:61,6,0,9
FNF:1
FNH:1
LF:11
LH:11
BRF:8
BRH:6
end_of_record
TN:
SF:src/libraries/SignatureUtils.sol
DA:34,123
FN:34,SignatureUtils.checkSignature
FNDA:123,SignatureUtils.checkSignature
DA:35,123
BRDA:35,0,0,-
BRDA:35,0,1,122
DA:36,0
BRDA:36,1,0,-
DA:38,123
BRDA:38,2,0,1
DA:51,21014
FN:51,SignatureUtils.isValidSignature
FNDA:21014,SignatureUtils.isValidSignature
DA:52,21014
BRDA:52,3,0,-
BRDA:52,3,1,-
DA:53,0
DA:55,21014
DA:66,21137
FN:66,SignatureUtils.isContract
FNDA:21137,SignatureUtils.isContract
DA:67,21137
DA:69,21137
DA:71,21137
FNF:3
FNH:3
LF:12
LH:10
BRF:6
BRH:2
end_of_record
TN:
SF:src/libraries/SpendingLimitLib.sol
DA:68,248
FN:68,SpendingLimitLib.initialize
FNDA:248,SpendingLimitLib.initialize
DA:69,248
BRDA:69,0,0,-
DA:70,248
DA:71,248
DA:72,248
DA:73,248
DA:74,248
DA:76,248
DA:84,98
FN:84,SpendingLimitLib.currentLimit
FNDA:98,SpendingLimitLib.currentLimit
DA:85,98
DA:87,98
DA:88,98
DA:89,98
DA:90,98
DA:91,98
DA:92,98
DA:93,98
DA:94,98
DA:95,98
DA:96,98
DA:107,88
FN:107,SpendingLimitLib.spend
FNDA:88,SpendingLimitLib.spend
DA:108,88
DA:110,88
BRDA:110,1,0,3
DA:111,85
BRDA:111,2,0,-
DA:113,85
DA:114,85
DA:128,11
FN:128,SpendingLimitLib.updateSpendingLimit
FNDA:11,SpendingLimitLib.updateSpendingLimit
DA:129,10
DA:130,10
DA:132,10
BRDA:132,3,0,8
BRDA:132,3,1,2
DA:133,8
DA:134,8
DA:136,2
DA:137,2
DA:138,2
DA:141,10
BRDA:141,4,0,2
BRDA:141,4,1,8
DA:142,2
DA:143,2
DA:145,8
DA:146,8
DA:147,8
DA:150,10
DA:159,8
FN:159,SpendingLimitLib.maxCanSpend
FNDA:8,SpendingLimitLib.maxCanSpend
DA:160,8
DA:161,8
DA:162,8
DA:163,8
DA:164,8
DA:166,8
BRDA:166,5,0,-
DA:167,0
DA:168,0
DA:170,8
BRDA:170,6,0,-
DA:171,0
DA:172,0
DA:175,8
DA:176,8
DA:178,8
DA:189,13
FN:189,SpendingLimitLib.canSpend
FNDA:13,SpendingLimitLib.canSpend
DA:190,13
DA:192,13
DA:193,13
DA:194,13
DA:195,13
DA:197,13
BRDA:197,9,0,2
DA:198,2
DA:199,2
DA:201,13
BRDA:201,10,0,-
DA:202,0
DA:203,0
DA:206,13
BRDA:206,11,0,1
DA:211,12
BRDA:211,13,0,-
DA:216,12
DA:217,12
DA:219,12
BRDA:219,15,0,6
DA:221,5
DA:224,6
BRDA:224,17,0,-
DA:226,0
DA:229,6
DA:238,152
FN:238,SpendingLimitLib.getCurrentLimit
FNDA:152,SpendingLimitLib.getCurrentLimit
DA:239,152
BRDA:239,19,0,6
DA:240,6
DA:241,6
DA:242,6
DA:245,152
BRDA:245,20,0,2
DA:246,2
DA:247,2
DA:248,2
DA:251,152
BRDA:251,21,0,5
DA:252,5
DA:253,5
DA:256,152
BRDA:256,22,0,-
DA:257,0
DA:258,0
DA:261,152
DA:271,5
FN:271,SpendingLimitLib.getFinalDailyRenewalTimestamp
FNDA:5,SpendingLimitLib.getFinalDailyRenewalTimestamp
DA:274,5
DA:276,5
DA:286,0
FN:286,SpendingLimitLib.getFinalMonthlyRenewalTimestamp
FNDA:0,SpendingLimitLib.getFinalMonthlyRenewalTimestamp
DA:289,0
DA:291,0
DA:300,259
FN:300,SpendingLimitLib.sanity
FNDA:259,SpendingLimitLib.sanity
DA:301,259
BRDA:301,23,0,1
FNF:10
FNH:9
LF:102
LH:90
BRF:20
BRH:12
end_of_record
TN:
SF:src/libraries/TimeLib.sol
DA:6,253
FN:6,TimeLib.getStartOfNextDay
FNDA:253,TimeLib.getStartOfNextDay
DA:8,253
DA:11,253
DA:14,253
DA:17,253
DA:21,0
FN:21,TimeLib.getStartOfNextWeek
FNDA:0,TimeLib.getStartOfNextWeek
DA:23,0
DA:26,0
DA:29,0
DA:32,0
DA:35,0
DA:39,248
FN:39,TimeLib.getStartOfNextMonth
FNDA:248,TimeLib.getStartOfNextMonth
DA:41,248
DA:44,248
DA:47,248
DA:48,248
BRDA:48,0,0,-
DA:49,0
DA:50,0
DA:54,248
DA:57,248
DA:61,248
FN:61,TimeLib._daysFromDate
FNDA:248,TimeLib._daysFromDate
DA:62,248
DA:63,248
DA:64,248
DA:66,248
DA:68,248
DA:72,248
FN:72,TimeLib._daysToDate
FNDA:248,TimeLib._daysToDate
DA:73,248
DA:75,248
DA:76,248
DA:77,248
DA:78,248
DA:79,248
DA:80,248
DA:81,248
DA:82,248
DA:83,248
DA:84,248
DA:86,248
DA:87,248
DA:88,248
FNF:5
FNH:4
LF:41
LH:33
BRF:1
BRH:0
end_of_record
TN:
SF:src/mocks/MockERC20.sol
DA:8,58
FN:8,MockERC20.constructor
FNDA:58,MockERC20.constructor
DA:13,58
DA:15,58
DA:18,24
FN:18,MockERC20.decimals
FNDA:24,MockERC20.decimals
DA:19,24
DA:22,39
FN:22,MockERC20.mint
FNDA:39,MockERC20.mint
DA:23,39
FNF:3
FNH:3
LF:7
LH:7
BRF:0
BRH:0
end_of_record
TN:
SF:src/mocks/MockPriceProvider.sol
DA:11,10
FN:11,MockPriceProvider.constructor
FNDA:10,MockPriceProvider.constructor
DA:12,10
DA:13,10
DA:16,0
FN:16,MockPriceProvider.setStableToken
FNDA:0,MockPriceProvider.setStableToken
DA:17,0
DA:20,7
FN:20,MockPriceProvider.setPrice
FNDA:7,MockPriceProvider.setPrice
DA:21,7
DA:24,75
FN:24,MockPriceProvider.price
FNDA:75,MockPriceProvider.price
DA:28,54
FNF:4
FNH:3
LF:9
LH:7
BRF:0
BRH:0
end_of_record
TN:
SF:src/modules/ModuleBase.sol
DA:40,1642
FN:40,ModuleBase.constructor
FNDA:1642,ModuleBase.constructor
DA:41,1642
BRDA:41,0,0,-
DA:42,1642
DA:49,389
FN:49,ModuleBase._getModuleBaseStorage
FNDA:389,ModuleBase._getModuleBaseStorage
DA:51,389
DA:61,197
FN:61,ModuleBase.getNonce
FNDA:197,ModuleBase.getNonce
DA:62,197
DA:70,192
FN:70,ModuleBase._useNonce
FNDA:192,ModuleBase._useNonce
DA:71,192
DA:74,192
DA:86,69
FN:86,ModuleBase._verifyAdminSig
FNDA:69,ModuleBase._verifyAdminSig
DA:87,69
BRDA:87,1,0,7
DA:94,31
FN:94,ModuleBase.onlySafeAdmin
FNDA:31,ModuleBase.onlySafeAdmin
DA:95,31
BRDA:95,2,0,1
DA:103,57
FN:103,ModuleBase.onlyEtherFiSafe
FNDA:57,ModuleBase.onlyEtherFiSafe
DA:104,57
BRDA:104,3,0,-
DA:113,876
FN:113,ModuleBase.setupModule
FNDA:876,ModuleBase.setupModule
FNF:8
FNH:8
LF:17
LH:17
BRF:4
BRH:2
end_of_record
TN:
SF:src/modules/aave-v3/AaveV3Module.sol
DA:55,28
FN:55,AaveV3Module.constructor
FNDA:28,AaveV3Module.constructor
DA:56,28
BRDA:56,0,0,-
DA:57,28
DA:58,28
DA:74,32
FN:74,AaveV3Module.supply
FNDA:32,AaveV3Module.supply
DA:75,31
DA:76,31
DA:77,29
DA:92,16
FN:92,AaveV3Module.borrow
FNDA:16,AaveV3Module.borrow
DA:93,15
DA:94,15
DA:95,13
DA:110,5
FN:110,AaveV3Module.withdraw
FNDA:5,AaveV3Module.withdraw
DA:111,4
DA:112,4
DA:113,4
DA:129,6
FN:129,AaveV3Module.repay
FNDA:6,AaveV3Module.repay
DA:130,6
DA:131,6
DA:132,5
DA:143,29
FN:143,AaveV3Module._supply
FNDA:29,AaveV3Module._supply
DA:144,29
DA:146,29
BRDA:146,1,0,1
DA:148,28
BRDA:148,2,0,20
BRDA:148,2,1,8
DA:149,8
DA:151,28
BRDA:151,3,0,1
DA:153,27
DA:154,27
DA:155,27
DA:157,27
BRDA:157,4,0,20
BRDA:157,4,1,7
DA:158,20
DA:159,20
DA:160,20
DA:162,20
DA:163,20
DA:164,20
DA:166,7
DA:167,7
DA:168,7
DA:170,7
DA:171,7
DA:173,7
DA:174,7
DA:177,27
DA:187,13
FN:187,AaveV3Module._borrow
FNDA:13,AaveV3Module._borrow
DA:188,13
BRDA:188,5,0,1
DA:190,12
DA:191,12
DA:192,12
DA:194,12
BRDA:194,6,0,2
BRDA:194,6,1,10
DA:195,2
DA:196,2
DA:197,2
DA:199,2
DA:200,2
DA:201,2
DA:203,2
DA:204,2
DA:206,10
DA:207,10
DA:208,10
DA:210,10
DA:211,10
DA:214,12
DA:224,4
FN:224,AaveV3Module._withdraw
FNDA:4,AaveV3Module._withdraw
DA:225,4
BRDA:225,7,0,1
DA:227,3
DA:228,3
DA:229,3
DA:231,3
BRDA:231,8,0,1
BRDA:231,8,1,2
DA:232,1
DA:233,1
DA:234,1
DA:236,1
DA:238,1
DA:239,1
DA:241,1
DA:242,1
DA:244,2
DA:245,2
DA:246,2
DA:248,2
DA:249,2
DA:252,3
DA:263,5
FN:263,AaveV3Module._repay
FNDA:5,AaveV3Module._repay
DA:264,5
BRDA:264,9,0,1
DA:266,4
DA:268,4
BRDA:268,10,0,1
BRDA:268,10,1,3
DA:269,3
DA:271,4
BRDA:271,11,0,1
DA:273,3
DA:274,3
DA:275,3
DA:277,3
BRDA:277,12,0,1
BRDA:277,12,1,2
DA:278,1
DA:279,1
DA:280,1
DA:282,1
DA:283,1
DA:284,1
DA:286,2
DA:287,2
DA:288,2
DA:290,2
DA:291,2
DA:293,2
DA:294,2
DA:297,3
FNF:9
FNH:9
LF:108
LH:108
BRF:19
BRH:18
end_of_record
TN:
SF:src/modules/cash/CashEventEmitter.sol
DA:30,397
FN:30,CashEventEmitter.constructor
FNDA:397,CashEventEmitter.constructor
DA:31,397
DA:32,397
DA:40,397
FN:40,CashEventEmitter.initialize
FNDA:397,CashEventEmitter.initialize
DA:41,397
DA:176,10
FN:176,CashEventEmitter.emitSetSafeTiers
FNDA:10,CashEventEmitter.emitSetSafeTiers
DA:177,10
DA:186,271
FN:186,CashEventEmitter.emitSetTierCashbackPercentage
FNDA:271,CashEventEmitter.emitSetTierCashbackPercentage
DA:187,271
DA:197,3
FN:197,CashEventEmitter.emitSetCashbackSplitToSafeBps
FNDA:3,CashEventEmitter.emitSetCashbackSplitToSafeBps
DA:198,3
DA:208,27
FN:208,CashEventEmitter.emitSetDelays
FNDA:27,CashEventEmitter.emitSetDelays
DA:209,27
DA:221,4
FN:221,CashEventEmitter.emitPendingCashbackClearedEvent
FNDA:4,CashEventEmitter.emitPendingCashbackClearedEvent
DA:222,4
DA:238,69
FN:238,CashEventEmitter.emitCashbackEvent
FNDA:69,CashEventEmitter.emitCashbackEvent
DA:239,69
DA:251,84
FN:251,CashEventEmitter.emitSpend
FNDA:84,CashEventEmitter.emitSpend
DA:252,84
DA:263,108
FN:263,CashEventEmitter.emitSetMode
FNDA:108,CashEventEmitter.emitSetMode
DA:264,108
DA:276,20
FN:276,CashEventEmitter.emitWithdrawalRequested
FNDA:20,CashEventEmitter.emitWithdrawalRequested
DA:277,20
DA:287,1
FN:287,CashEventEmitter.emitWithdrawalAmountUpdated
FNDA:1,CashEventEmitter.emitWithdrawalAmountUpdated
DA:288,1
DA:299,3
FN:299,CashEventEmitter.emitWithdrawalCancelled
FNDA:3,CashEventEmitter.emitWithdrawalCancelled
DA:300,3
DA:311,1
FN:311,CashEventEmitter.emitWithdrawalProcessed
FNDA:1,CashEventEmitter.emitWithdrawalProcessed
DA:312,1
DA:323,14
FN:323,CashEventEmitter.emitRepayDebtManager
FNDA:14,CashEventEmitter.emitRepayDebtManager
DA:324,14
DA:334,10
FN:334,CashEventEmitter.emitSpendingLimitChanged
FNDA:10,CashEventEmitter.emitSpendingLimitChanged
DA:335,10
DA:342,625
FN:342,CashEventEmitter._onlyCashModule
FNDA:625,CashEventEmitter._onlyCashModule
DA:343,625
BRDA:343,0,0,-
DA:349,14
FN:349,CashEventEmitter.onlyCashModule
FNDA:14,CashEventEmitter.onlyCashModule
DA:350,14
FNF:18
FNH:18
LF:37
LH:37
BRF:1
BRH:0
end_of_record
TN:
SF:src/modules/cash/CashLens.sol
DA:44,397
FN:44,CashLens.constructor
FNDA:397,CashLens.constructor
DA:45,397
DA:46,397
DA:48,397
DA:56,397
FN:56,CashLens.initialize
FNDA:397,CashLens.initialize
DA:57,397
DA:66,33
FN:66,CashLens.applicableSpendingLimit
FNDA:33,CashLens.applicableSpendingLimit
DA:67,33
DA:68,33
DA:81,20
FN:81,CashLens.canSpend
FNDA:20,CashLens.canSpend
DA:82,20
DA:83,20
DA:84,19
DA:86,19
DA:87,19
DA:89,19
DA:90,19
BRDA:90,3,0,5
DA:92,19
DA:94,18
DA:95,18
DA:96,16
DA:97,16
DA:98,16
BRDA:98,7,0,5
DA:99,5
DA:100,3
DA:103,13
DA:115,4
FN:115,CashLens.maxCanSpend
FNDA:4,CashLens.maxCanSpend
DA:117,8
DA:118,8
DA:119,8
DA:121,8
DA:124,8
DA:125,8
BRDA:125,10,0,-
DA:126,0
DA:130,8
DA:152,4
FN:152,CashLens.getSafeCashData
FNDA:4,CashLens.getSafeCashData
DA:153,4
DA:154,4
DA:155,4
DA:157,4
DA:159,4
DA:160,4
DA:162,4
DA:163,4
DA:164,4
DA:166,4
DA:167,8
DA:168,8
DA:170,8
DA:174,4
DA:175,4
DA:176,4
DA:177,4
DA:179,4
BRDA:179,11,0,1
DA:189,5
FN:189,CashLens.getPendingWithdrawalAmount
FNDA:5,CashLens.getPendingWithdrawalAmount
DA:190,557
DA:191,557
DA:201,633
FN:201,CashLens._getPendingWithdrawalAmount
FNDA:633,CashLens._getPendingWithdrawalAmount
DA:202,633
DA:203,633
DA:204,633
DA:205,86
BRDA:205,12,0,48
DA:206,48
DA:207,48
DA:210,38
DA:214,633
DA:225,4
FN:225,CashLens.getUserCollateralForToken
FNDA:4,CashLens.getUserCollateralForToken
DA:226,4
DA:228,4
BRDA:228,13,0,1
DA:229,3
DA:230,3
DA:232,3
DA:241,266
FN:241,CashLens.getUserTotalCollateral
FNDA:266,CashLens.getUserTotalCollateral
DA:242,266
DA:243,266
DA:244,266
DA:245,266
DA:246,266
DA:247,266
DA:248,549
DA:249,549
DA:250,549
BRDA:250,14,0,255
DA:251,255
DA:252,255
DA:254,255
DA:258,549
DA:263,266
DA:266,266
DA:280,8
FN:280,CashLens._calculateCreditModeAmount
FNDA:8,CashLens._calculateCreditModeAmount
DA:282,8
DA:285,8
BRDA:285,15,0,-
DA:286,0
DA:290,8
DA:293,8
BRDA:293,16,0,-
DA:294,0
DA:298,8
DA:310,8
FN:310,CashLens._calculateDebitModeAmount
FNDA:8,CashLens._calculateDebitModeAmount
DA:312,8
DA:313,8
BRDA:313,17,0,-
DA:314,0
DA:318,8
DA:321,8
BRDA:321,18,0,-
DA:322,0
DA:326,8
DA:329,8
BRDA:329,19,0,-
BRDA:329,19,1,8
DA:330,0
DA:331,0
DA:332,0
DA:333,0
DA:336,0
BRDA:336,20,0,-
DA:337,0
DA:340,0
DA:342,8
DA:346,8
DA:360,34
FN:360,CashLens._getCollateralBalanceWithTokenSubtracted
FNDA:34,CashLens._getCollateralBalanceWithTokenSubtracted
DA:361,34
DA:362,34
DA:363,34
DA:364,34
DA:365,34
DA:366,68
DA:367,68
DA:368,68
BRDA:368,21,0,50
DA:369,50
DA:370,50
BRDA:370,22,0,21
DA:371,21
DA:372,19
DA:374,48
DA:376,48
DA:380,66
DA:385,32
DA:388,32
FNF:13
FNH:13
LF:132
LH:120
BRF:16
BRH:9
end_of_record
TN:
SF:src/modules/cash/CashModuleCore.sol
DA:34,397
FN:34,CashModuleCore.constructor
FNDA:397,CashModuleCore.constructor
DA:35,397
DA:45,397
FN:45,CashModuleCore.initialize
FNDA:397,CashModuleCore.initialize
DA:46,397
DA:48,397
DA:50,397
DA:52,397
BRDA:52,0,0,-
DA:53,397
DA:54,397
DA:55,397
DA:57,397
DA:58,397
DA:59,397
DA:61,397
DA:69,248
FN:69,CashModuleCore.setupModule
FNDA:248,CashModuleCore.setupModule
DA:70,248
DA:72,248
DA:73,248
DA:74,248
DA:75,248
DA:85,0
FN:85,CashModuleCore.setCashModuleSettersAddress
FNDA:0,CashModuleCore.setCashModuleSettersAddress
DA:86,0
BRDA:86,1,0,-
DA:87,0
BRDA:87,2,0,-
DA:88,0
DA:91,0
FN:91,CashModuleCore.getCashEventEmitter
FNDA:0,CashModuleCore.getCashEventEmitter
DA:92,0
DA:102,24
FN:102,CashModuleCore.getSafeCashbackPercentageAndSplit
FNDA:24,CashModuleCore.getSafeCashbackPercentageAndSplit
DA:103,93
DA:104,93
DA:112,1
FN:112,CashModuleCore.getSafeTier
FNDA:1,CashModuleCore.getSafeTier
DA:113,1
DA:120,6
FN:120,CashModuleCore.getTierCashbackPercentage
FNDA:6,CashModuleCore.getTierCashbackPercentage
DA:121,6
DA:130,100
FN:130,CashModuleCore.getDelays
FNDA:100,CashModuleCore.getDelays
DA:131,100
DA:133,100
DA:142,34
FN:142,CashModuleCore.getPendingCashback
FNDA:34,CashModuleCore.getPendingCashback
DA:143,34
DA:151,80
FN:151,CashModuleCore.getSettlementDispatcher
FNDA:80,CashModuleCore.getSettlementDispatcher
DA:152,80
DA:161,7
FN:161,CashModuleCore.getMode
FNDA:7,CashModuleCore.getMode
DA:162,7
DA:164,7
DA:165,5
DA:174,62
FN:174,CashModuleCore.incomingCreditModeStartTime
FNDA:62,CashModuleCore.incomingCreditModeStartTime
DA:175,62
DA:184,13
FN:184,CashModuleCore.preLiquidate
FNDA:13,CashModuleCore.preLiquidate
DA:185,13
BRDA:185,4,0,-
DA:186,13
DA:197,12
FN:197,CashModuleCore.postLiquidate
FNDA:12,CashModuleCore.postLiquidate
DA:198,12
BRDA:198,5,0,-
DA:200,12
DA:201,12
DA:202,12
DA:203,12
DA:205,12
DA:206,13
BRDA:206,6,0,12
DA:207,12
DA:208,12
DA:210,12
DA:215,13
DA:220,12
DA:221,12
DA:224,12
DA:233,2
FN:233,CashModuleCore.processWithdrawal
FNDA:2,CashModuleCore.processWithdrawal
DA:234,2
DA:244,621
FN:244,CashModuleCore.getData
FNDA:621,CashModuleCore.getData
DA:245,621
DA:246,621
DA:248,621
DA:259,23
FN:259,CashModuleCore.transactionCleared
FNDA:23,CashModuleCore.transactionCleared
DA:260,23
DA:263,357
FN:263,CashModuleCore.getDebtManager
FNDA:357,CashModuleCore.getDebtManager
DA:264,398
DA:280,92
FN:280,CashModuleCore.spend
FNDA:92,CashModuleCore.spend
DA:281,91
DA:282,91
DA:283,91
DA:285,91
BRDA:285,7,0,-
DA:287,91
DA:289,1
BRDA:289,8,0,1
DA:290,90
BRDA:290,9,0,1
DA:291,89
DA:292,89
BRDA:292,10,0,1
DA:294,88
DA:295,88
DA:297,85
DA:298,85
DA:308,85
FN:308,CashModuleCore._retrievePendingCashback
FNDA:85,CashModuleCore._retrievePendingCashback
DA:309,85
DA:310,85
DA:311,85
DA:312,85
DA:314,85
BRDA:314,11,0,5
DA:315,5
DA:316,3
BRDA:316,12,0,3
DA:317,3
DA:318,3
DA:322,85
BRDA:322,13,0,2
DA:323,2
DA:324,1
BRDA:324,14,0,1
DA:325,1
DA:326,1
DA:341,85
FN:341,CashModuleCore._spend
FNDA:85,CashModuleCore._spend
DA:342,85
DA:343,85
DA:344,85
DA:345,85
DA:347,85
BRDA:347,15,0,48
BRDA:347,15,1,36
DA:348,48
DA:349,48
DA:350,48
DA:352,48
DA:353,1
DA:354,1
DA:355,1
DA:358,37
DA:359,37
DA:360,37
DA:362,37
BRDA:362,16,0,-
DA:363,0
DA:364,0
DA:365,0
DA:367,37
BRDA:367,17,0,1
DA:369,36
DA:370,36
DA:371,36
DA:372,36
DA:375,69
BRDA:375,18,0,69
DA:376,84
DA:387,69
FN:387,CashModuleCore._cashback
FNDA:69,CashModuleCore._cashback
DA:388,69
DA:390,69
DA:392,69
BRDA:392,19,0,12
DA:393,12
DA:394,12
DA:397,69
DA:399,69
DA:410,16
FN:410,CashModuleCore.repay
FNDA:16,CashModuleCore.repay
DA:411,16
DA:412,16
BRDA:412,20,0,1
DA:413,15
DA:424,15
FN:424,CashModuleCore._repay
FNDA:15,CashModuleCore._repay
DA:425,15
DA:426,15
BRDA:426,21,0,-
DA:427,15
DA:429,14
DA:430,14
DA:431,14
DA:433,14
DA:434,14
DA:435,14
DA:437,14
DA:438,14
DA:439,14
DA:441,14
DA:442,14
DA:453,10
FN:453,CashModuleCore.getPendingWithdrawalAmount
FNDA:10,CashModuleCore.getPendingWithdrawalAmount
DA:454,85
DA:455,85
DA:456,85
DA:457,85
DA:458,12
BRDA:458,22,0,10
DA:459,10
DA:460,10
DA:463,2
DA:467,85
DA:480,37
FN:480,CashModuleCore._getCollateralBalanceWithTokenSubtracted
FNDA:37,CashModuleCore._getCollateralBalanceWithTokenSubtracted
DA:481,37
DA:482,37
DA:483,37
DA:484,37
DA:485,37
DA:486,75
DA:487,75
DA:488,75
BRDA:488,23,0,37
DA:489,37
DA:490,37
BRDA:490,24,0,37
DA:491,37
DA:492,37
DA:494,37
DA:496,37
DA:500,75
DA:505,37
DA:508,37
DA:515,0
FN:515,CashModuleCore.getCashModuleSetters
FNDA:0,CashModuleCore.getCashModuleSetters
DA:516,467
DA:524,467
FN:524,CashModuleCore.fallback
FNDA:467,CashModuleCore.fallback
DA:525,467
DA:531,467
DA:535,467
DA:538,467
DA:542,467
DA:543,448
FNF:29
FNH:26
LF:194
LH:184
BRF:25
BRH:17
end_of_record
TN:
SF:src/modules/cash/CashModuleSetters.sol
DA:31,397
FN:31,CashModuleSetters.constructor
FNDA:397,CashModuleSetters.constructor
DA:32,397
DA:44,14
FN:44,CashModuleSetters.setSafeTier
FNDA:14,CashModuleSetters.setSafeTier
DA:45,13
DA:47,13
DA:48,13
BRDA:48,0,0,1
DA:49,12
DA:50,12
BRDA:50,1,0,1
DA:51,11
BRDA:51,2,0,1
DA:53,10
DA:55,10
DA:59,10
DA:71,274
FN:71,CashModuleSetters.setTierCashbackPercentage
FNDA:274,CashModuleSetters.setTierCashbackPercentage
DA:72,274
BRDA:72,3,0,1
DA:74,273
DA:76,273
DA:77,273
BRDA:77,4,0,1
DA:78,272
DA:79,1083
BRDA:79,5,0,1
DA:80,1082
DA:82,1082
DA:86,271
DA:99,6
FN:99,CashModuleSetters.setCashbackSplitToSafeBps
FNDA:6,CashModuleSetters.setCashbackSplitToSafeBps
DA:100,6
DA:102,6
BRDA:102,6,0,1
DA:103,5
BRDA:103,7,0,1
DA:105,4
DA:107,3
DA:108,3
DA:119,28
FN:119,CashModuleSetters.setDelays
FNDA:28,CashModuleSetters.setDelays
DA:120,28
BRDA:120,8,0,1
DA:121,27
DA:123,27
DA:124,27
DA:125,27
DA:127,27
DA:139,109
FN:139,CashModuleSetters.setMode
FNDA:109,CashModuleSetters.setMode
DA:140,109
DA:142,109
DA:144,109
BRDA:144,9,0,1
DA:146,108
DA:148,108
BRDA:148,10,0,24
BRDA:148,10,1,2
DA:149,24
DA:151,24
DA:154,84
BRDA:154,11,0,82
BRDA:154,11,1,2
DA:155,82
DA:156,82
DA:159,2
DA:160,2
DA:161,2
DA:182,25
FN:182,CashModuleSetters.requestWithdrawal
FNDA:25,CashModuleSetters.requestWithdrawal
DA:183,25
DA:184,24
DA:196,11
FN:196,CashModuleSetters.updateSpendingLimit
FNDA:11,CashModuleSetters.updateSpendingLimit
DA:197,11
DA:198,11
DA:208,11
FN:208,CashModuleSetters._updateSpendingLimit
FNDA:11,CashModuleSetters._updateSpendingLimit
DA:209,11
DA:211,11
DA:212,10
DA:224,22
FN:224,CashModuleSetters._checkBalance
FNDA:22,CashModuleSetters._checkBalance
DA:225,22
DA:226,22
BRDA:226,12,0,1
DA:227,21
DA:228,24
BRDA:228,13,0,1
DA:231,23
DA:245,24
FN:245,CashModuleSetters._requestWithdrawal
FNDA:24,CashModuleSetters._requestWithdrawal
DA:246,24
DA:247,24
DA:249,24
BRDA:249,14,0,1
DA:250,23
BRDA:250,15,0,4
DA:252,22
DA:254,22
DA:256,22
DA:258,20
DA:259,20
DA:261,20
DA:263,19
BRDA:263,16,0,-
FNF:11
FNH:11
LF:78
LH:78
BRF:19
BRH:18
end_of_record
TN:
SF:src/modules/cash/CashModuleStorageContract.sol
DA:123,794
FN:123,CashModuleStorageContract.constructor
FNDA:794,CashModuleStorageContract.constructor
DA:124,794
DA:131,3436
FN:131,CashModuleStorageContract._getCashModuleStorage
FNDA:3436,CashModuleStorageContract._getCashModuleStorage
DA:133,3436
DA:141,418
FN:141,CashModuleStorageContract._getDebtManager
FNDA:418,CashModuleStorageContract._getDebtManager
DA:142,418
DA:149,36
FN:149,CashModuleStorageContract._cancelOldWithdrawal
FNDA:36,CashModuleStorageContract._cancelOldWithdrawal
DA:150,36
DA:151,36
DA:152,36
BRDA:152,0,0,3
DA:153,3
DA:154,3
DA:165,52
FN:165,CashModuleStorageContract._updateWithdrawalRequestIfNecessary
FNDA:52,CashModuleStorageContract._updateWithdrawalRequestIfNecessary
DA:166,52
DA:167,52
DA:168,52
DA:170,52
BRDA:170,1,0,1
DA:172,51
DA:173,51
DA:174,51
DA:175,2
BRDA:175,2,0,2
DA:176,2
DA:177,2
DA:180,0
DA:185,51
DA:187,2
BRDA:187,4,0,1
DA:188,1
DA:190,1
DA:200,106
FN:200,CashModuleStorageContract._isBorrowToken
FNDA:106,CashModuleStorageContract._isBorrowToken
DA:201,106
DA:208,30
FN:208,CashModuleStorageContract.onlyEtherFiWallet
FNDA:30,CashModuleStorageContract.onlyEtherFiWallet
DA:209,30
BRDA:209,5,0,1
DA:218,200
FN:218,CashModuleStorageContract._setCurrentMode
FNDA:200,CashModuleStorageContract._setCurrentMode
DA:219,200
BRDA:219,6,0,17
DA:220,17
DA:221,17
DA:231,2
FN:231,CashModuleStorageContract._processWithdrawal
FNDA:2,CashModuleStorageContract._processWithdrawal
DA:232,2
DA:234,2
BRDA:234,7,0,1
DA:235,1
DA:236,1
DA:238,1
DA:239,1
DA:241,1
DA:242,1
DA:243,1
DA:246,1
DA:250,1
DA:251,1
DA:253,1
FNF:9
FNH:9
LF:50
LH:49
BRF:7
BRH:7
end_of_record
TN:
SF:src/modules/openocean-swap/OpenOceanSwapModule.sol
DA:38,12
FN:38,OpenOceanSwapModule.constructor
FNDA:12,OpenOceanSwapModule.constructor
DA:39,12
DA:58,14
FN:58,OpenOceanSwapModule.swap
FNDA:14,OpenOceanSwapModule.swap
DA:69,13
DA:70,13
DA:71,11
DA:86,13
FN:86,OpenOceanSwapModule._createDigest
FNDA:13,OpenOceanSwapModule._createDigest
DA:95,13
DA:119,11
FN:119,OpenOceanSwapModule._swap
FNDA:11,OpenOceanSwapModule._swap
DA:128,11
BRDA:128,0,0,1
DA:129,10
BRDA:129,1,0,1
DA:131,9
DA:132,9
BRDA:132,2,0,1
BRDA:132,2,1,8
DA:133,8
DA:135,9
DA:136,9
DA:137,9
DA:138,9
BRDA:138,3,0,2
BRDA:138,3,1,7
DA:139,7
DA:141,7
DA:143,5
DA:144,5
BRDA:144,4,0,1
BRDA:144,4,1,4
DA:145,4
DA:147,5
BRDA:147,5,0,-
DA:165,7
FN:165,OpenOceanSwapModule._swapERC20
FNDA:7,OpenOceanSwapModule._swapERC20
DA:174,7
BRDA:174,6,0,1
DA:176,6
DA:177,6
DA:178,6
DA:180,6
DA:181,6
DA:183,6
DA:184,6
DA:202,2
FN:202,OpenOceanSwapModule._swapNative
FNDA:2,OpenOceanSwapModule._swapNative
DA:211,2
BRDA:211,7,0,1
DA:213,1
DA:214,1
DA:215,1
DA:217,1
DA:218,1
DA:219,1
DA:235,7
FN:235,OpenOceanSwapModule._getSwapData
FNDA:7,OpenOceanSwapModule._getSwapData
DA:245,7
DA:247,7
DA:260,7
FNF:7
FNH:7
LF:45
LH:45
BRF:11
BRH:10
end_of_record
TN:
SF:src/modules/stargate/StargateModule.sol
DA:91,13
FN:91,StargateModule.constructor
FNDA:13,StargateModule.constructor
DA:92,13
DA:99,49
FN:99,StargateModule._getStargateModuleStorage
FNDA:49,StargateModule._getStargateModuleStorage
DA:101,49
DA:110,1
FN:110,StargateModule.getAssetConfig
FNDA:1,StargateModule.getAssetConfig
DA:111,1
DA:124,3
FN:124,StargateModule.setAssetConfig
FNDA:3,StargateModule.setAssetConfig
DA:125,3
DA:126,3
BRDA:126,0,0,1
DA:128,2
DA:150,10
FN:150,StargateModule.bridge
FNDA:10,StargateModule.bridge
DA:151,10
DA:152,9
DA:167,10
FN:167,StargateModule._checkSignature
FNDA:10,StargateModule._checkSignature
DA:168,10
DA:169,10
BRDA:169,1,0,1
DA:183,9
FN:183,StargateModule._bridge
FNDA:9,StargateModule._bridge
DA:184,9
BRDA:184,2,0,3
DA:185,6
DA:187,5
DA:189,1
BRDA:189,3,0,1
BRDA:189,3,1,4
DA:190,4
DA:205,4
FN:205,StargateModule._bridgeNonOft
FNDA:4,StargateModule._bridgeNonOft
DA:206,4
DA:207,4
BRDA:207,4,0,1
DA:209,3
DA:210,3
BRDA:210,5,0,-
DA:212,3
DA:213,3
DA:214,3
DA:216,3
BRDA:216,6,0,2
BRDA:216,6,1,1
DA:217,2
BRDA:217,7,0,-
DA:219,2
DA:220,2
DA:221,2
DA:223,2
DA:224,2
DA:225,2
DA:227,2
DA:228,2
DA:229,2
DA:231,1
BRDA:231,8,0,-
DA:233,1
DA:234,1
DA:235,1
DA:237,1
DA:238,1
DA:239,1
DA:242,3
DA:257,1
FN:257,StargateModule._bridgeOft
FNDA:1,StargateModule._bridgeOft
DA:258,1
DA:259,1
DA:261,1
DA:262,1
DA:263,1
BRDA:263,9,0,-
DA:265,1
DA:266,1
BRDA:266,10,0,-
DA:268,1
DA:269,1
BRDA:269,11,0,-
DA:271,1
DA:272,1
DA:273,1
DA:274,1
BRDA:274,12,0,-
BRDA:274,12,1,1
DA:275,0
DA:276,0
DA:277,0
DA:279,0
DA:280,0
DA:282,0
DA:283,0
DA:284,0
DA:286,1
DA:287,1
DA:288,1
DA:290,1
DA:291,1
DA:292,1
DA:295,1
DA:308,11
FN:308,StargateModule.getBridgeFee
FNDA:11,StargateModule.getBridgeFee
DA:322,2
FN:322,StargateModule._getOftBridgeFee
FNDA:2,StargateModule._getOftBridgeFee
DA:323,2
DA:324,2
DA:326,2
DA:327,2
DA:328,2
DA:340,9
FN:340,StargateModule._getNonOftBridgeFee
FNDA:9,StargateModule._getNonOftBridgeFee
DA:341,9
DA:342,9
DA:344,9
DA:362,1
FN:362,StargateModule.prepareRideBus
FNDA:1,StargateModule.prepareRideBus
DA:363,14
DA:364,14
DA:366,14
DA:367,14
DA:368,14
BRDA:368,14,0,1
DA:370,13
DA:371,13
DA:372,13
DA:373,13
BRDA:373,15,0,3
DA:374,3
DA:385,16
FN:385,StargateModule._deductSlippage
FNDA:16,StargateModule._deductSlippage
DA:386,16
DA:397,15
FN:397,StargateModule._setAssetConfigs
FNDA:15,StargateModule._setAssetConfigs
DA:398,15
DA:399,15
BRDA:399,16,0,-
DA:401,15
DA:402,15
DA:404,15
DA:405,41
BRDA:405,17,0,-
DA:407,41
DA:409,41
DA:411,1
BRDA:411,18,0,1
DA:413,40
DA:415,40
DA:419,14
DA:429,6
FN:429,StargateModule._checkBalance
FNDA:6,StargateModule._checkBalance
DA:430,6
BRDA:430,19,0,1
BRDA:430,19,1,4
DA:431,1
BRDA:431,20,0,-
DA:433,5
BRDA:433,21,0,1
FNF:16
FNH:16
LF:119
LH:111
BRF:25
BRH:15
end_of_record
TN:
SF:src/oracle/PriceProvider.sol
DA:139,403
FN:139,PriceProvider.constructor
FNDA:403,PriceProvider.constructor
DA:140,403
DA:150,403
FN:150,PriceProvider.initialize
FNDA:403,PriceProvider.initialize
DA:151,403
DA:152,403
DA:159,3034
FN:159,PriceProvider._getPriceProviderStorage
FNDA:3034,PriceProvider._getPriceProviderStorage
DA:161,3034
DA:170,0
FN:170,PriceProvider.tokenConfig
FNDA:0,PriceProvider.tokenConfig
DA:171,0
DA:181,12
FN:181,PriceProvider.setTokenConfig
FNDA:12,PriceProvider.setTokenConfig
DA:182,11
DA:196,1975
FN:196,PriceProvider.price
FNDA:1975,PriceProvider.price
DA:197,1975
BRDA:197,0,0,2
DA:198,2
DA:199,2
DA:202,1973
DA:204,646
BRDA:204,1,0,646
DA:205,646
DA:206,646
DA:209,1327
DA:217,648
FN:217,PriceProvider._getEthUsdPrice
FNDA:648,PriceProvider._getEthUsdPrice
DA:218,648
DA:219,648
DA:226,4
FN:226,PriceProvider.decimals
FNDA:4,PriceProvider.decimals
DA:227,3623
DA:241,2621
FN:241,PriceProvider._getPrice
FNDA:2621,PriceProvider._getPrice
DA:242,2621
DA:243,2621
BRDA:243,2,0,-
DA:244,2621
DA:246,2620
BRDA:246,3,0,2620
DA:247,2620
DA:248,2620
BRDA:248,4,0,-
DA:249,2620
BRDA:249,5,0,-
DA:250,2620
DA:252,1798
DA:255,1
DA:256,1
BRDA:256,7,0,-
DA:258,1
BRDA:258,8,0,-
BRDA:258,8,1,-
DA:259,0
DA:260,0
BRDA:260,9,0,-
DA:261,0
DA:262,1
DA:265,1
DA:276,822
FN:276,PriceProvider._getStablePrice
FNDA:822,PriceProvider._getStablePrice
DA:277,822
DA:278,822
BRDA:278,11,0,-
DA:281,822
DA:282,822
DA:294,414
FN:294,PriceProvider._setTokenConfig
FNDA:414,PriceProvider._setTokenConfig
DA:295,414
DA:296,414
BRDA:296,13,0,1
DA:298,413
DA:300,413
DA:301,1616
DA:303,1616
DA:307,413
FNF:11
FNH:10
LF:56
LH:51
BRF:12
BRH:4
end_of_record
TN:
SF:src/role-registry/RoleRegistry.sol
DA:81,534
FN:81,RoleRegistry.constructor
FNDA:534,RoleRegistry.constructor
DA:82,534
DA:84,534
DA:92,533
FN:92,RoleRegistry.initialize
FNDA:533,RoleRegistry.initialize
DA:93,532
DA:94,532
DA:102,25556
FN:102,RoleRegistry.MAX_ROLE
FNDA:25556,RoleRegistry.MAX_ROLE
DA:103,25556
DA:113,3
FN:113,RoleRegistry.getSafeAdminRole
FNDA:3,RoleRegistry.getSafeAdminRole
DA:114,10666
BRDA:114,0,0,1
DA:115,10665
DA:127,10447
FN:127,RoleRegistry.configureSafeAdmins
FNDA:10447,RoleRegistry.configureSafeAdmins
DA:128,10447
BRDA:128,1,0,1
DA:130,10446
DA:131,10446
DA:132,10446
BRDA:132,2,0,1
DA:133,10445
BRDA:133,3,0,1
DA:135,10444
DA:136,21269
BRDA:136,4,0,1
DA:137,21268
DA:139,21268
DA:151,2
FN:151,RoleRegistry.onlySafeAdmin
FNDA:2,RoleRegistry.onlySafeAdmin
DA:152,2
BRDA:152,5,0,1
DA:162,212
FN:162,RoleRegistry.isSafeAdmin
FNDA:212,RoleRegistry.isSafeAdmin
DA:163,212
DA:172,3
FN:172,RoleRegistry.getSafeAdmins
FNDA:3,RoleRegistry.getSafeAdmins
DA:173,3
DA:183,2
FN:183,RoleRegistry.checkRoles
FNDA:2,RoleRegistry.checkRoles
DA:184,2
BRDA:184,6,0,1
DA:194,2320
FN:194,RoleRegistry.hasRole
FNDA:2320,RoleRegistry.hasRole
DA:195,2552
DA:204,4288
FN:204,RoleRegistry.grantRole
FNDA:4288,RoleRegistry.grantRole
DA:205,4288
DA:214,2
FN:214,RoleRegistry.revokeRole
FNDA:2,RoleRegistry.revokeRole
DA:215,2
DA:224,1
FN:224,RoleRegistry.roleHolders
FNDA:1,RoleRegistry.roleHolders
DA:225,4
DA:234,399
FN:234,RoleRegistry.onlyUpgrader
FNDA:399,RoleRegistry.onlyUpgrader
DA:235,399
BRDA:235,7,0,1
DA:244,12
FN:244,RoleRegistry.onlyPauser
FNDA:12,RoleRegistry.onlyPauser
DA:245,12
BRDA:245,8,0,3
DA:254,6
FN:254,RoleRegistry.onlyUnpauser
FNDA:6,RoleRegistry.onlyUnpauser
DA:255,6
BRDA:255,9,0,3
DA:262,1
FN:262,RoleRegistry.__revertEnumerableRolesUnauthorized
FNDA:1,RoleRegistry.__revertEnumerableRolesUnauthorized
DA:265,1
DA:266,1
DA:275,2
FN:275,RoleRegistry._authorizeUpgrade
FNDA:2,RoleRegistry._authorizeUpgrade
FNF:18
FNH:18
LF:47
LH:47
BRF:10
BRH:10
end_of_record
TN:
SF:src/safe/EtherFiSafe.sol
DA:36,401
FN:36,EtherFiSafe.constructor
FNDA:401,EtherFiSafe.constructor
DA:37,401
DA:52,429
FN:52,EtherFiSafe.initialize
FNDA:429,EtherFiSafe.initialize
DA:53,429
DA:55,429
DA:56,429
DA:57,1251
DA:60,1251
DA:64,429
DA:65,429
DA:66,429
DA:67,429
BRDA:67,0,0,426
DA:79,7
FN:79,EtherFiSafe.configureAdmins
FNDA:7,EtherFiSafe.configureAdmins
DA:80,7
DA:81,7
DA:83,7
DA:84,7
BRDA:84,1,0,1
DA:85,6
DA:95,2
FN:95,EtherFiSafe.cancelNonce
FNDA:2,EtherFiSafe.cancelNonce
DA:96,2
DA:97,2
DA:98,2
DA:99,2
DA:100,2
BRDA:100,2,0,1
DA:101,1
DA:109,2
FN:109,EtherFiSafe.getAdmins
FNDA:2,EtherFiSafe.getAdmins
DA:110,2
DA:118,7
FN:118,EtherFiSafe.isAdmin
FNDA:7,EtherFiSafe.isAdmin
DA:119,7
DA:127,10446
FN:127,EtherFiSafe.getDomainSeparator
FNDA:10446,EtherFiSafe.getDomainSeparator
DA:128,10446
DA:136,10482
FN:136,EtherFiSafe.nonce
FNDA:10482,EtherFiSafe.nonce
DA:137,10482
DA:149,168
FN:149,EtherFiSafe.execTransactionFromModule
FNDA:168,EtherFiSafe.execTransactionFromModule
DA:150,168
BRDA:150,3,0,-
DA:151,168
DA:153,168
BRDA:153,4,0,168
DA:155,168
DA:157,168
DA:158,216
DA:159,216
BRDA:159,5,0,2
DA:161,214
DA:165,166
BRDA:165,6,0,166
DA:167,162
DA:175,9
FN:175,EtherFiSafe.getOwners
FNDA:9,EtherFiSafe.getOwners
DA:176,9
DA:177,9
BRDA:177,7,0,2
DA:178,2
DA:179,2
DA:181,2
DA:184,7
DA:193,35
FN:193,EtherFiSafe.useNonce
FNDA:35,EtherFiSafe.useNonce
DA:194,35
BRDA:194,8,0,-
DA:195,35
DA:204,951
FN:204,EtherFiSafe._isWhitelistedOnDataProvider
FNDA:951,EtherFiSafe._isWhitelistedOnDataProvider
DA:205,951
DA:214,1338
FN:214,EtherFiSafe._isCashModule
FNDA:1338,EtherFiSafe._isCashModule
DA:215,1338
FNF:13
FNH:13
LF:58
LH:58
BRF:9
BRH:7
end_of_record
TN:
SF:src/safe/EtherFiSafeBase.sol
DA:126,20958
FN:126,EtherFiSafeBase._getEtherFiSafeStorage
FNDA:20958,EtherFiSafeBase._getEtherFiSafeStorage
DA:128,20958
DA:137,401
FN:137,EtherFiSafeBase.constructor
FNDA:401,EtherFiSafeBase.constructor
DA:138,401
DA:155,10476
FN:155,EtherFiSafeBase._useNonce
FNDA:10476,EtherFiSafeBase._useNonce
DA:156,10476
DA:162,10476
DA:211,10437
FN:211,EtherFiSafeBase._configureAdmin
FNDA:10437,EtherFiSafeBase._configureAdmin
DA:212,10437
DA:213,10437
FNF:4
FNH:4
LF:10
LH:10
BRF:0
BRH:0
end_of_record
TN:
SF:src/safe/EtherFiSafeFactory.sol
DA:36,397
FN:36,EtherFiSafeFactory.constructor
FNDA:397,EtherFiSafeFactory.constructor
DA:37,397
DA:46,397
FN:46,EtherFiSafeFactory.initialize
FNDA:397,EtherFiSafeFactory.initialize
DA:47,397
DA:54,12899
FN:54,EtherFiSafeFactory._getEtherFiSafeFactoryStorage
FNDA:12899,EtherFiSafeFactory._getEtherFiSafeFactoryStorage
DA:56,12899
DA:71,431
FN:71,EtherFiSafeFactory.deployEtherFiSafe
FNDA:431,EtherFiSafeFactory.deployEtherFiSafe
DA:72,430
BRDA:72,0,0,1
DA:73,429
DA:75,429
DA:76,429
DA:77,429
DA:79,429
DA:90,4
FN:90,EtherFiSafeFactory.getDeployedAddresses
FNDA:4,EtherFiSafeFactory.getDeployedAddresses
DA:91,4
DA:92,4
DA:93,4
BRDA:93,1,0,1
DA:94,3
BRDA:94,2,0,2
DA:95,3
DA:97,3
DA:98,12
DA:100,12
DA:103,3
DA:110,0
FN:110,EtherFiSafeFactory.numContractsDeployed
FNDA:0,EtherFiSafeFactory.numContractsDeployed
DA:111,0
DA:120,12466
FN:120,EtherFiSafeFactory.isEtherFiSafe
FNDA:12466,EtherFiSafeFactory.isEtherFiSafe
DA:121,12466
DA:122,12466
FNF:7
FNH:6
LF:28
LH:26
BRF:3
BRH:3
end_of_record
TN:
SF:src/safe/ModuleManager.sol
DA:43,796
FN:43,ModuleManager._getModuleManagerStorage
FNDA:796,ModuleManager._getModuleManagerStorage
DA:45,796
DA:60,426
FN:60,ModuleManager._setupModules
FNDA:426,ModuleManager._setupModules
DA:61,426
DA:63,426
BRDA:63,0,0,-
DA:65,426
DA:66,426
BRDA:66,1,0,-
DA:67,426
BRDA:67,2,0,-
DA:68,426
BRDA:68,3,0,411
DA:70,426
DA:71,837
BRDA:71,4,0,-
DA:72,837
BRDA:72,5,0,-
DA:73,837
DA:74,837
DA:77,837
DA:81,426
DA:98,299
FN:98,ModuleManager.configureModules
FNDA:299,ModuleManager.configureModules
DA:99,299
DA:102,299
DA:103,299
DA:104,299
DA:105,301
DA:107,301
DA:112,299
DA:115,299
DA:123,299
DA:124,299
BRDA:124,6,0,1
DA:125,295
DA:142,295
FN:142,ModuleManager._configureModules
FNDA:295,ModuleManager._configureModules
DA:143,295
DA:145,295
DA:146,295
BRDA:146,7,0,1
DA:147,294
BRDA:147,8,0,1
DA:148,293
BRDA:148,9,0,3
DA:150,292
DA:151,294
BRDA:151,10,0,1
DA:153,293
BRDA:153,11,0,288
DA:154,288
BRDA:154,12,0,1
DA:155,287
DA:156,287
DA:159,292
BRDA:159,13,0,1
DA:160,1
BRDA:160,14,0,1
DA:161,0
DA:165,291
DA:169,289
DA:194,9
FN:194,ModuleManager.isModuleEnabled
FNDA:9,ModuleManager.isModuleEnabled
DA:195,212
DA:197,74
DA:198,74
DA:206,1
FN:206,ModuleManager.getModules
FNDA:1,ModuleManager.getModules
DA:207,1
FNF:6
FNH:6
LF:51
LH:50
BRF:15
BRH:10
end_of_record
TN:
SF:src/safe/MultiSig.sol
DA:60,51459
FN:60,MultiSig._getMultiSigStorage
FNDA:51459,MultiSig._getMultiSigStorage
DA:62,51459
DA:77,429
FN:77,MultiSig._setupMultiSig
FNDA:429,MultiSig._setupMultiSig
DA:78,429
DA:80,429
BRDA:80,0,0,-
DA:82,429
DA:83,429
BRDA:83,1,0,-
DA:85,429
DA:86,429
DA:88,429
BRDA:88,2,0,-
DA:89,429
BRDA:89,3,0,411
DA:90,429
DA:92,429
DA:93,1251
BRDA:93,4,0,-
DA:94,1251
DA:95,1251
DA:97,1251
DA:101,429
DA:113,3
FN:113,MultiSig.setThreshold
FNDA:3,MultiSig.setThreshold
DA:114,3
DA:115,3
DA:117,3
DA:118,3
BRDA:118,5,0,-
DA:119,3
DA:137,10005
FN:137,MultiSig.configureOwners
FNDA:10005,MultiSig.configureOwners
DA:138,10005
DA:139,10005
DA:141,10005
DA:142,10005
BRDA:142,6,0,-
DA:143,10005
DA:144,10002
DA:153,3
FN:153,MultiSig._setThreshold
FNDA:3,MultiSig._setThreshold
DA:154,3
DA:155,3
BRDA:155,7,0,2
DA:157,1
DA:158,1
DA:173,10005
FN:173,MultiSig._configureOwners
FNDA:10005,MultiSig._configureOwners
DA:174,10005
DA:176,10005
DA:178,10004
BRDA:178,8,0,1
DA:179,10003
BRDA:179,9,0,1
DA:181,10002
DA:190,45
FN:190,MultiSig._setIncomingOwner
FNDA:45,MultiSig._setIncomingOwner
DA:191,45
DA:193,45
DA:194,45
DA:195,45
DA:204,15
FN:204,MultiSig._removeIncomingOwner
FNDA:15,MultiSig._removeIncomingOwner
DA:205,15
DA:221,48
FN:221,MultiSig.checkSignatures
FNDA:48,MultiSig.checkSignatures
DA:222,10457
DA:224,10457
DA:226,10457
BRDA:226,10,0,1
DA:227,10456
BRDA:227,11,0,1
DA:230,10455
BRDA:230,12,0,8
DA:231,8
BRDA:231,13,0,2
DA:232,6
BRDA:232,14,0,3
DA:233,3
DA:236,10447
BRDA:236,15,0,3
DA:237,10444
BRDA:237,16,0,10444
DA:239,10442
DA:241,10442
DA:242,20882
BRDA:242,17,0,1
DA:243,20881
BRDA:243,18,0,3
DA:245,20878
BRDA:245,19,0,20869
DA:247,20869
DA:249,20869
DA:253,10446
DA:257,10438
DA:265,8
FN:265,MultiSig.getIncomingOwner
FNDA:8,MultiSig.getIncomingOwner
DA:266,19
DA:274,9
FN:274,MultiSig.getIncomingOwnerStartTime
FNDA:9,MultiSig.getIncomingOwnerStartTime
DA:275,27
DA:283,20012
FN:283,MultiSig.isOwner
FNDA:20012,MultiSig.isOwner
DA:284,20012
DA:291,9
FN:291,MultiSig.getThreshold
FNDA:9,MultiSig.getThreshold
DA:292,9
DA:300,10446
FN:300,MultiSig._currentOwner
FNDA:10446,MultiSig._currentOwner
DA:301,10446
DA:303,10446
BRDA:303,21,0,6
DA:304,6
DA:305,6
DA:306,6
DA:307,18
DA:309,18
DA:313,6
DA:314,6
DA:316,6
FNF:14
FNH:14
LF:88
LH:88
BRF:21
BRH:15
end_of_record
TN:
SF:src/safe/RecoveryManager.sol
DA:75,643
FN:75,RecoveryManager._getRecoveryManagerStorage
FNDA:643,RecoveryManager._getRecoveryManagerStorage
DA:77,643
DA:86,429
FN:86,RecoveryManager._setupRecovery
FNDA:429,RecoveryManager._setupRecovery
DA:87,429
DA:89,429
BRDA:89,0,0,-
DA:90,429
DA:91,429
DA:104,56
FN:104,RecoveryManager.setUserRecoverySigners
FNDA:56,RecoveryManager.setUserRecoverySigners
DA:105,56
DA:106,56
DA:108,56
DA:109,56
BRDA:109,1,0,-
DA:111,54
DA:113,54
DA:115,54
DA:117,54
BRDA:117,2,0,-
DA:129,8
FN:129,RecoveryManager.setRecoveryThreshold
FNDA:8,RecoveryManager.setRecoveryThreshold
DA:130,8
DA:131,8
DA:132,8
DA:133,8
BRDA:133,3,0,-
DA:135,8
DA:137,8
BRDA:137,4,0,1
DA:139,7
DA:140,7
DA:152,7
FN:152,RecoveryManager.toggleRecoveryEnabled
FNDA:7,RecoveryManager.toggleRecoveryEnabled
DA:153,7
DA:154,7
DA:156,7
DA:157,7
BRDA:157,5,0,-
DA:159,7
DA:161,7
BRDA:161,6,0,1
DA:162,6
DA:163,6
DA:174,3
FN:174,RecoveryManager.overrideRecoverySigners
FNDA:3,RecoveryManager.overrideRecoverySigners
DA:175,3
DA:176,3
DA:178,3
DA:179,3
BRDA:179,7,0,-
DA:181,3
DA:183,3
BRDA:183,8,0,3
DA:184,3
DA:185,3
DA:188,3
BRDA:188,9,0,3
DA:189,3
DA:190,3
DA:207,37
FN:207,RecoveryManager.recoverSafe
FNDA:37,RecoveryManager.recoverSafe
DA:208,37
DA:210,37
DA:212,37
BRDA:212,10,0,1
DA:213,36
BRDA:213,11,0,1
DA:214,35
DA:215,35
BRDA:215,12,0,-
DA:216,35
BRDA:216,13,0,2
DA:218,33
DA:220,32
DA:221,32
DA:222,32
DA:224,32
DA:225,65
BRDA:225,14,0,1
DA:226,64
BRDA:226,15,0,63
DA:228,64
DA:230,34
DA:234,31
BRDA:234,17,0,1
DA:236,30
DA:237,30
DA:239,30
DA:249,18
FN:249,RecoveryManager.isRecoverySigner
FNDA:18,RecoveryManager.isRecoverySigner
DA:250,83
BRDA:250,18,0,1
DA:251,82
DA:253,82
DA:254,82
DA:255,82
BRDA:255,19,0,74
DA:256,82
BRDA:256,20,0,74
DA:258,82
DA:269,19
FN:269,RecoveryManager.cancelRecovery
FNDA:19,RecoveryManager.cancelRecovery
DA:270,19
DA:271,19
DA:272,19
DA:273,19
BRDA:273,22,0,-
DA:275,15
DA:277,15
DA:285,5
FN:285,RecoveryManager.getRecoverySigners
FNDA:5,RecoveryManager.getRecoverySigners
DA:286,5
DA:288,5
DA:289,5
DA:290,5
BRDA:290,23,0,4
DA:291,5
BRDA:291,24,0,4
DA:293,5
DA:295,5
DA:296,5
DA:297,5
DA:299,5
DA:300,11
DA:302,11
DA:306,5
DA:313,4
FN:313,RecoveryManager.isRecoveryEnabled
FNDA:4,RecoveryManager.isRecoveryEnabled
DA:314,4
DA:322,5
FN:322,RecoveryManager.getRecoveryThreshold
FNDA:5,RecoveryManager.getRecoveryThreshold
DA:323,5
DA:334,9
FN:334,RecoveryManager.getRecoveryStatus
FNDA:9,RecoveryManager.getRecoveryStatus
DA:335,9
DA:336,9
DA:337,9
DA:339,9
FNF:13
FNH:13
LF:105
LH:105
BRF:23
BRH:15
end_of_record
TN:
SF:src/settlement-dispatcher/SettlementDispatcher.sol
DA:125,397
FN:125,SettlementDispatcher.constructor
FNDA:397,SettlementDispatcher.constructor
DA:126,397
DA:139,397
FN:139,SettlementDispatcher.initialize
FNDA:397,SettlementDispatcher.initialize
DA:140,397
DA:141,397
DA:148,410
FN:148,SettlementDispatcher._getSettlementDispatcherStorage
FNDA:410,SettlementDispatcher._getSettlementDispatcherStorage
DA:150,410
DA:159,1
FN:159,SettlementDispatcher.destinationData
FNDA:1,SettlementDispatcher.destinationData
DA:160,1
DA:172,7
FN:172,SettlementDispatcher.setDestinationData
FNDA:7,SettlementDispatcher.setDestinationData
DA:173,6
DA:188,8
FN:188,SettlementDispatcher.bridge
FNDA:8,SettlementDispatcher.bridge
DA:189,7
DA:190,7
DA:192,3
BRDA:192,0,0,1
DA:193,2
BRDA:193,1,0,1
DA:195,1
DA:196,1
DA:197,1
DA:214,3
FN:214,SettlementDispatcher.prepareRideBus
FNDA:3,SettlementDispatcher.prepareRideBus
DA:218,10
BRDA:218,2,0,2
DA:219,8
BRDA:219,3,0,1
DA:221,7
DA:222,7
BRDA:222,4,0,1
DA:224,6
DA:225,6
DA:235,6
DA:236,6
DA:237,6
DA:239,6
DA:240,6
DA:242,6
BRDA:242,5,0,-
DA:243,0
DA:257,9
FN:257,SettlementDispatcher.withdrawFunds
FNDA:9,SettlementDispatcher.withdrawFunds
DA:258,9
BRDA:258,6,0,1
DA:260,8
BRDA:260,7,0,4
BRDA:260,7,1,3
DA:261,4
BRDA:261,8,0,2
DA:262,4
BRDA:262,9,0,1
DA:263,3
DA:264,3
BRDA:264,10,0,1
DA:266,4
BRDA:266,11,0,2
DA:267,4
BRDA:267,12,0,1
DA:268,3
DA:271,4
DA:283,403
FN:283,SettlementDispatcher._setDestinationData
FNDA:403,SettlementDispatcher._setDestinationData
DA:284,403
DA:285,403
BRDA:285,13,0,1
DA:287,402
DA:289,402
DA:290,402
BRDA:290,14,0,3
DA:291,399
BRDA:291,15,0,1
DA:293,398
DA:295,398
DA:299,398
FNF:9
FNH:9
LF:54
LH:53
BRF:17
BRH:16
end_of_record
TN:
SF:src/top-up/TopUp.sol
DA:23,48
FN:23,TopUp.constructor
FNDA:48,TopUp.constructor
DA:25,48
DA:34,12
FN:34,TopUp.initialize
FNDA:12,TopUp.initialize
DA:35,12
BRDA:35,0,0,1
DA:36,11
DA:47,5
FN:47,TopUp.processTopUp
FNDA:5,TopUp.processTopUp
DA:48,5
DA:49,5
BRDA:49,1,0,1
DA:51,4
DA:53,4
DA:54,9
DA:55,9
BRDA:55,2,0,2
BRDA:55,2,1,7
DA:56,2
DA:57,2
BRDA:57,3,0,2
DA:58,2
DA:59,2
BRDA:59,4,0,-
DA:62,7
DA:63,7
BRDA:63,5,0,7
DA:66,9
FNF:3
FNH:3
LF:19
LH:19
BRF:7
BRH:6
end_of_record
TN:
SF:src/top-up/TopUpDest.sol
DA:85,18
FN:85,TopUpDest.constructor
FNDA:18,TopUpDest.constructor
DA:86,18
DA:87,18
DA:95,18
FN:95,TopUpDest.initialize
FNDA:18,TopUpDest.initialize
DA:96,18
DA:103,33
FN:103,TopUpDest._getTopUpDestStorage
FNDA:33,TopUpDest._getTopUpDestStorage
DA:105,33
DA:117,14
FN:117,TopUpDest.deposit
FNDA:14,TopUpDest.deposit
DA:118,13
BRDA:118,0,0,1
DA:119,12
DA:121,12
DA:122,12
DA:133,4
FN:133,TopUpDest.withdraw
FNDA:4,TopUpDest.withdraw
DA:134,3
DA:136,3
BRDA:136,1,0,1
DA:137,2
BRDA:137,2,0,1
DA:139,1
DA:140,1
DA:142,1
DA:155,2
FN:155,TopUpDest.topUpUserSafeBatch
FNDA:2,TopUpDest.topUpUserSafeBatch
DA:156,2
DA:157,2
BRDA:157,3,0,1
DA:158,1
DA:159,3
DA:161,3
DA:175,6
FN:175,TopUpDest.topUpUserSafe
FNDA:6,TopUpDest.topUpUserSafe
DA:176,4
DA:189,7
FN:189,TopUpDest._topUp
FNDA:7,TopUpDest._topUp
DA:190,7
DA:191,7
BRDA:191,4,0,1
DA:192,6
BRDA:192,5,0,-
DA:194,6
DA:195,5
DA:197,5
DA:206,4
FN:206,TopUpDest.getDeposit
FNDA:4,TopUpDest.getDeposit
DA:207,4
DA:218,7
FN:218,TopUpDest.getCumulativeTopUp
FNDA:7,TopUpDest.getCumulativeTopUp
DA:219,7
DA:230,7
FN:230,TopUpDest._transfer
FNDA:7,TopUpDest._transfer
DA:231,7
BRDA:231,6,0,1
DA:232,6
FNF:11
FNH:11
LF:41
LH:41
BRF:7
BRH:6
end_of_record
TN:
SF:src/top-up/TopUpFactory.sol
DA:100,41
FN:100,TopUpFactory.constructor
FNDA:41,TopUpFactory.constructor
DA:101,41
DA:110,41
FN:110,TopUpFactory.initialize
FNDA:41,TopUpFactory.initialize
DA:111,41
DA:120,13
FN:120,TopUpFactory.deployTopUpContract
FNDA:13,TopUpFactory.deployTopUpContract
DA:121,13
BRDA:121,0,0,1
DA:122,12
DA:123,12
DA:125,11
DA:126,11
DA:138,2
FN:138,TopUpFactory.processTopUp
FNDA:2,TopUpFactory.processTopUp
DA:139,2
DA:141,2
DA:142,2
BRDA:142,1,0,1
DA:143,1
BRDA:143,2,0,-
DA:145,1
DA:146,1
DA:148,1
DA:161,2
FN:161,TopUpFactory.processTopUpFromContracts
FNDA:2,TopUpFactory.processTopUpFromContracts
DA:162,2
DA:163,2
DA:165,2
DA:166,3
BRDA:166,3,0,1
DA:167,2
DA:169,2
DA:187,46
FN:187,TopUpFactory.setTokenConfig
FNDA:46,TopUpFactory.setTokenConfig
DA:188,46
BRDA:188,4,0,1
DA:190,45
DA:191,45
DA:192,45
BRDA:192,5,0,-
DA:194,45
DA:195,127
BRDA:195,6,0,-
DA:196,127
BRDA:196,7,0,3
DA:198,124
DA:200,124
DA:204,42
DA:215,8
FN:215,TopUpFactory.bridge
FNDA:8,TopUpFactory.bridge
DA:216,6
DA:218,6
BRDA:218,8,0,-
DA:219,6
BRDA:219,9,0,1
DA:222,5
DA:223,5
BRDA:223,10,0,1
DA:225,4
DA:227,3
DA:240,4
FN:240,TopUpFactory.recoverFunds
FNDA:4,TopUpFactory.recoverFunds
DA:241,4
DA:243,4
BRDA:243,11,0,-
DA:244,4
BRDA:244,12,0,-
DA:245,4
BRDA:245,13,0,1
DA:246,3
BRDA:246,14,0,1
DA:248,2
DA:250,2
DA:260,6
FN:260,TopUpFactory.setRecoveryWallet
FNDA:6,TopUpFactory.setRecoveryWallet
DA:261,6
DA:263,6
BRDA:263,15,0,1
DA:264,5
BRDA:264,16,0,1
DA:265,4
DA:266,4
DA:281,7
FN:281,TopUpFactory.getBridgeFee
FNDA:7,TopUpFactory.getBridgeFee
DA:282,7
DA:284,7
BRDA:284,17,0,-
DA:285,7
BRDA:285,18,0,1
DA:287,6
DA:288,6
BRDA:288,19,0,1
DA:290,5
DA:301,2
FN:301,TopUpFactory.getDeployedAddresses
FNDA:2,TopUpFactory.getDeployedAddresses
DA:302,2
DA:303,2
DA:304,2
BRDA:304,20,0,-
DA:305,2
BRDA:305,21,0,1
DA:306,2
DA:308,2
DA:309,3
DA:311,3
DA:314,2
DA:321,0
FN:321,TopUpFactory.numContractsDeployed
FNDA:0,TopUpFactory.numContractsDeployed
DA:322,0
DA:331,2
FN:331,TopUpFactory.getTokenConfig
FNDA:2,TopUpFactory.getTokenConfig
DA:332,2
DA:333,2
DA:341,1
FN:341,TopUpFactory.getRecoveryWallet
FNDA:1,TopUpFactory.getRecoveryWallet
DA:342,1
DA:343,1
DA:352,4
FN:352,TopUpFactory.isTokenSupported
FNDA:4,TopUpFactory.isTokenSupported
DA:353,4
DA:354,4
DA:363,1
FN:363,TopUpFactory.isTopUpContract
FNDA:1,TopUpFactory.isTopUpContract
DA:364,1
DA:365,1
DA:372,93
FN:372,TopUpFactory._getTopUpFactoryStorage
FNDA:93,TopUpFactory._getTopUpFactoryStorage
DA:374,93
FNF:17
FNH:16
LF:91
LH:89
BRF:22
BRH:14
end_of_record
TN:
SF:src/top-up/bridge/BridgeAdapterBase.sol
DA:30,9
FN:30,BridgeAdapterBase.deductSlippage
FNDA:9,BridgeAdapterBase.deductSlippage
DA:31,9
FNF:1
FNH:1
LF:2
LH:2
BRF:0
BRH:0
end_of_record
TN:
SF:src/top-up/bridge/EtherFiOFTBridgeAdapter.sol
DA:41,1
FN:41,EtherFiOFTBridgeAdapter.bridge
FNDA:1,EtherFiOFTBridgeAdapter.bridge
DA:42,1
DA:43,1
DA:45,1
DA:47,1
DA:48,1
BRDA:48,0,0,-
DA:50,1
BRDA:50,1,0,1
DA:52,1
DA:53,1
BRDA:53,2,0,-
DA:55,1
DA:68,1
FN:68,EtherFiOFTBridgeAdapter.getBridgeFee
FNDA:1,EtherFiOFTBridgeAdapter.getBridgeFee
DA:70,0
DA:72,1
DA:73,1
DA:75,1
DA:77,1
DA:79,1
FNF:2
FNH:2
LF:17
LH:16
BRF:3
BRH:1
end_of_record
TN:
SF:src/top-up/bridge/StargateAdapter.sol
DA:46,3
FN:46,StargateAdapter.bridge
FNDA:3,StargateAdapter.bridge
DA:47,3
DA:48,3
DA:50,3
DA:52,3
BRDA:52,0,0,1
DA:54,2
BRDA:54,1,0,1
DA:55,1
BRDA:55,2,0,-
DA:56,1
DA:58,2
DA:59,2
DA:76,0
FN:76,StargateAdapter.prepareRideBus
FNDA:0,StargateAdapter.prepareRideBus
DA:77,7
DA:79,7
DA:80,7
DA:81,7
BRDA:81,3,0,-
DA:83,7
DA:84,7
DA:85,7
DA:86,7
BRDA:86,4,0,2
DA:87,2
DA:101,4
FN:101,StargateAdapter.getBridgeFee
FNDA:4,StargateAdapter.getBridgeFee
DA:103,0
DA:105,4
DA:106,4
DA:108,4
DA:110,4
FNF:3
FNH:2
LF:26
LH:24
BRF:5
BRH:3
end_of_record
TN:
SF:src/utils/UpgradeableProxy.sol
DA:36,10648
FN:36,UpgradeableProxy.roleRegistry
FNDA:10648,UpgradeableProxy.roleRegistry
DA:37,13412
DA:38,13412
DA:45,4082
FN:45,UpgradeableProxy.__UpgradeableProxy_init
FNDA:4082,UpgradeableProxy.__UpgradeableProxy_init
DA:46,4082
DA:47,4082
DA:49,4082
DA:50,4082
DA:57,17891
FN:57,UpgradeableProxy._getUpgradeableProxyStorage
FNDA:17891,UpgradeableProxy._getUpgradeableProxyStorage
DA:59,17891
DA:68,0
FN:68,UpgradeableProxy._setRoleRegistry
FNDA:0,UpgradeableProxy._setRoleRegistry
DA:69,0
DA:70,0
DA:77,397
FN:77,UpgradeableProxy._authorizeUpgrade
FNDA:397,UpgradeableProxy._authorizeUpgrade
DA:78,397
DA:79,397
DA:82,0
DA:89,10
FN:89,UpgradeableProxy.pause
FNDA:10,UpgradeableProxy.pause
DA:90,10
DA:91,8
DA:98,4
FN:98,UpgradeableProxy.unpause
FNDA:4,UpgradeableProxy.unpause
DA:99,4
DA:100,2
DA:107,33
FN:107,UpgradeableProxy.onlyRole
FNDA:33,UpgradeableProxy.onlyRole
DA:108,33
BRDA:108,0,0,5
DA:115,430
FN:115,UpgradeableProxy.onlyRoleRegistryOwner
FNDA:430,UpgradeableProxy.onlyRoleRegistryOwner
DA:116,430
BRDA:116,1,0,3
FNF:9
FNH:8
LF:27
LH:23
BRF:2
BRH:2
end_of_record
TN:
SF:test/safe/SafeTestSetup.t.sol
DA:105,397
FN:105,SafeTestSetup.setUp
FNDA:397,SafeTestSetup.setUp
DA:106,397
DA:107,397
BRDA:107,0,0,397
BRDA:107,0,1,-
DA:108,0
DA:110,397
DA:111,397
DA:112,397
DA:113,397
DA:114,397
DA:115,397
DA:116,397
DA:117,397
DA:118,397
DA:120,397
DA:122,397
DA:123,397
DA:124,397
DA:125,397
DA:126,397
DA:128,397
DA:129,397
DA:131,397
DA:132,397
DA:133,397
DA:134,397
DA:136,397
DA:138,397
DA:139,397
DA:140,397
DA:142,397
DA:143,397
DA:145,397
DA:146,397
DA:148,397
DA:149,397
DA:150,397
DA:152,397
DA:153,397
DA:154,397
DA:156,397
DA:157,397
DA:159,397
DA:160,397
DA:162,397
DA:164,397
DA:165,397
DA:167,397
DA:168,397
DA:170,397
DA:179,397
DA:180,397
DA:182,397
DA:183,397
DA:184,397
DA:185,397
DA:187,397
DA:190,397
DA:192,397
DA:193,397
DA:194,397
DA:196,397
DA:199,397
FN:199,SafeTestSetup._setupPriceProvider
FNDA:397,SafeTestSetup._setupPriceProvider
DA:200,397
DA:211,397
DA:222,397
DA:233,397
DA:244,397
DA:245,397
DA:246,397
DA:247,397
DA:248,397
DA:250,397
DA:251,397
DA:252,397
DA:253,397
DA:254,397
DA:256,397
DA:265,397
DA:268,397
FN:268,SafeTestSetup._setupCashbackDispatcher
FNDA:397,SafeTestSetup._setupCashbackDispatcher
DA:269,397
DA:270,397
DA:285,397
DA:287,397
DA:290,397
FN:290,SafeTestSetup._setupSettlementDispatcher
FNDA:397,SafeTestSetup._setupSettlementDispatcher
DA:291,397
DA:292,397
DA:294,397
DA:295,397
DA:301,397
DA:302,397
DA:309,397
DA:312,397
FN:312,SafeTestSetup._setupDebtManager
FNDA:397,SafeTestSetup._setupDebtManager
DA:313,397
DA:314,397
DA:315,397
DA:316,397
DA:317,397
DA:319,397
DA:321,397
DA:322,397
DA:323,397
DA:325,397
DA:326,397
DA:327,397
DA:329,397
DA:330,397
DA:331,397
DA:332,397
DA:334,397
DA:336,397
DA:337,397
DA:338,397
DA:340,397
DA:341,397
DA:343,397
DA:344,397
DA:350,397
DA:351,397
DA:352,397
DA:355,289
FN:355,SafeTestSetup._configureModules
FNDA:289,SafeTestSetup._configureModules
DA:357,289
DA:358,289
DA:359,289
DA:360,291
DA:362,291
DA:367,289
DA:369,289
DA:371,289
DA:373,289
DA:374,289
DA:376,289
DA:379,289
FN:379,SafeTestSetup._sendConfigureModules
FNDA:289,SafeTestSetup._sendConfigureModules
DA:380,289
DA:381,289
DA:382,289
DA:384,289
DA:385,289
DA:386,289
DA:388,289
DA:391,5
FN:391,SafeTestSetup._configureAdmins
FNDA:5,SafeTestSetup._configureAdmins
DA:392,5
DA:393,5
DA:395,5
DA:396,5
DA:398,5
DA:399,5
DA:400,5
DA:402,5
DA:403,5
DA:404,5
DA:406,5
DA:407,5
DA:408,5
DA:411,1
FN:411,SafeTestSetup._cancelNonce
FNDA:1,SafeTestSetup._cancelNonce
DA:412,1
DA:413,1
DA:414,1
DA:416,1
DA:417,1
DA:419,1
DA:420,1
DA:421,1
DA:423,1
DA:424,1
DA:425,1
DA:427,1
DA:428,1
DA:429,1
DA:432,10002
FN:432,SafeTestSetup._configureOwners
FNDA:10002,SafeTestSetup._configureOwners
DA:433,10002
DA:435,10002
DA:437,10002
DA:438,10002
DA:440,10002
DA:441,10002
DA:442,10002
DA:444,10002
DA:445,10002
DA:446,10002
DA:448,10002
DA:451,1
FN:451,SafeTestSetup._setThreshold
FNDA:1,SafeTestSetup._setThreshold
DA:452,1
DA:453,1
DA:455,1
DA:456,1
DA:458,1
DA:459,1
DA:460,1
DA:462,1
DA:463,1
DA:464,1
DA:466,1
FNF:11
FNH:11
LF:192
LH:191
BRF:2
BRH:1
end_of_record
TN:
SF:test/safe/modules/aave-v3/AaveV3TestSetup.t.sol
DA:19,28
FN:19,AaveV3TestSetup.setUp
FNDA:28,AaveV3TestSetup.setUp
DA:20,28
DA:22,28
DA:24,28
DA:25,28
DA:27,28
DA:28,28
DA:30,28
DA:31,28
DA:33,28
DA:35,28
FNF:1
FNH:1
LF:11
LH:11
BRF:0
BRH:0
end_of_record
TN:
SF:test/safe/modules/cash/CashModuleTestSetup.t.sol
DA:34,232
FN:34,CashModuleTestSetup.setUp
FNDA:232,CashModuleTestSetup.setUp
DA:35,232
DA:37,232
DA:39,232
DA:40,232
DA:41,232
DA:42,232
DA:44,232
DA:45,232
DA:47,232
DA:48,232
DA:50,232
DA:52,232
DA:53,232
DA:54,232
DA:55,232
DA:56,232
DA:58,232
DA:59,232
DA:60,232
DA:61,232
DA:62,232
DA:64,232
DA:66,232
DA:69,19
FN:69,CashModuleTestSetup._requestWithdrawal
FNDA:19,CashModuleTestSetup._requestWithdrawal
DA:70,19
DA:72,19
DA:73,19
DA:75,19
DA:76,19
DA:77,19
DA:79,19
DA:80,19
DA:81,19
DA:83,19
DA:85,19
DA:86,19
DA:87,19
DA:90,54
FN:90,CashModuleTestSetup._setMode
FNDA:54,CashModuleTestSetup._setMode
DA:91,54
DA:93,54
DA:95,54
DA:97,54
DA:99,54
DA:100,54
DA:101,54
DA:103,54
DA:104,54
DA:105,54
DA:108,10
FN:108,CashModuleTestSetup._updateSpendingLimit
FNDA:10,CashModuleTestSetup._updateSpendingLimit
DA:109,10
DA:110,10
DA:112,10
DA:113,10
DA:115,10
DA:117,10
DA:118,10
DA:132,10
BRDA:132,0,0,8
BRDA:132,0,1,2
DA:133,8
DA:134,8
DA:136,2
DA:137,2
DA:138,2
DA:141,10
BRDA:141,1,0,2
BRDA:141,1,1,8
DA:142,2
DA:143,2
DA:145,8
DA:146,8
DA:147,8
DA:150,10
DA:151,10
DA:152,10
FNF:4
FNH:4
LF:72
LH:72
BRF:4
BRH:4
end_of_record
TN:
SF:test/safe/modules/cash/cashback-dispatcher/CashbackDispatcher.t.sol
DA:691,1
FN:691,ETHRejecter.receive
FNDA:1,ETHRejecter.receive
DA:692,1
FNF:1
FNH:1
LF:2
LH:2
BRF:0
BRH:0
end_of_record
TN:
SF:test/utils/Utils.sol
DA:33,397
FN:33,Utils.getChainConfig
FNDA:397,Utils.getChainConfig
DA:36,397
DA:37,397
DA:39,397
DA:41,397
DA:46,397
DA:51,397
DA:56,397
DA:61,397
DA:66,397
DA:71,397
DA:76,397
DA:81,397
DA:86,397
DA:91,397
DA:96,397
DA:101,397
DA:106,397
DA:111,397
DA:116,397
DA:119,1
FN:119,Utils.readDeploymentFile
FNDA:1,Utils.readDeploymentFile
DA:120,1
DA:121,1
DA:122,1
DA:123,1
FNF:2
FNH:2
LF:25
LH:25
BRF:0
BRH:0
end_of_record
